<?xml version="1.0" encoding="UTF-8"?>
<!-- Generated by org.testng.reporters.JUnitXMLReporter -->
<testsuite ignored="0" hostname="Meenu" failures="1" tests="1" name="Surefire test" time="0.908" errors="0" timestamp="2024-12-07T15:50:14 EST">
  <testcase classname="POTestcases.FBRegistrationPageTestCase" name="FBRegistrationPageTestCase" time="0.0">
    <failure type="java.lang.RuntimeException" message="java.lang.NullPointerException: Cannot invoke &amp;quot;org.apache.poi.xssf.usermodel.XSSFRow.getCell(int)&amp;quot; because &amp;quot;Row&amp;quot; is null">
      <![CDATA[java.lang.RuntimeException: java.lang.NullPointerException: Cannot invoke "org.apache.poi.xssf.usermodel.XSSFRow.getCell(int)" because "Row" is null
at java.base/java.util.ArrayList.forEach(ArrayList.java:1511)
Caused by: java.lang.NullPointerException: Cannot invoke "org.apache.poi.xssf.usermodel.XSSFRow.getCell(int)" because "Row" is null
at util.dataProviders.getexceldata(dataProviders.java:30)
... 30 more
... Removed 37 stack frames]]>
    </failure>
  </testcase> <!-- FBRegistrationPageTestCase -->
</testsuite> <!-- Surefire test -->
