<?xml version="1.0" encoding="UTF-8"?>
<testng-results ignored="0" total="4" passed="1" failed="0" skipped="3">
  <reporter-output>
  </reporter-output>
  <suite started-at="2024-12-07T17:59:40 EST" name="Default suite" finished-at="2024-12-07T17:59:50 EST" duration-ms="10283">
    <groups>
    </groups>
    <test started-at="2024-12-07T17:59:40 EST" name="Default test" finished-at="2024-12-07T17:59:50 EST" duration-ms="10283">
      <class name="POTestcases.FBRegistrationPageTestCase">
        <test-method is-config="true" signature="BeforeSuit()[pri:0, instance:POTestcases.FBRegistrationPageTestCase@790da477]" started-at="2024-12-07T17:59:39 EST" name="BeforeSuit" finished-at="2024-12-07T17:59:40 EST" duration-ms="526" status="PASS">
          <reporter-output>
          </reporter-output>
        </test-method> <!-- BeforeSuit -->
        <test-method is-config="true" signature="beforeTest()[pri:0, instance:POTestcases.FBRegistrationPageTestCase@790da477]" started-at="2024-12-07T17:59:40 EST" name="beforeTest" finished-at="2024-12-07T17:59:40 EST" duration-ms="1" status="PASS">
          <reporter-output>
          </reporter-output>
        </test-method> <!-- beforeTest -->
        <test-method is-config="true" signature="beforeClass()[pri:0, instance:POTestcases.FBRegistrationPageTestCase@790da477]" started-at="2024-12-07T17:59:40 EST" name="beforeClass" finished-at="2024-12-07T17:59:40 EST" duration-ms="0" status="PASS">
          <reporter-output>
          </reporter-output>
        </test-method> <!-- beforeClass -->
        <test-method is-config="true" signature="beforeMethod()[pri:0, instance:POTestcases.FBRegistrationPageTestCase@790da477]" started-at="2024-12-07T17:59:41 EST" name="beforeMethod" finished-at="2024-12-07T17:59:44 EST" duration-ms="3281" status="PASS">
          <reporter-output>
          </reporter-output>
        </test-method> <!-- beforeMethod -->
        <test-method signature="FBRegistrationPageTestCase(java.lang.String,java.lang.String,java.lang.String,java.lang.String,java.lang.String,java.lang.String)[pri:0, instance:POTestcases.FBRegistrationPageTestCase@790da477]" started-at="2024-12-07T17:59:44 EST" name="FBRegistrationPageTestCase" description="FBRegistrationPageTestCase" data-provider="ExcelDataProvider" finished-at="2024-12-07T17:59:48 EST" duration-ms="4538" status="PASS">
          <params>
            <param index="0">
              <value>
                <![CDATA[j]]>
              </value>
            </param>
            <param index="1">
              <value>
                <![CDATA[m]]>
              </value>
            </param>
            <param index="2">
              <value>
                <![CDATA[11/11/1982]]>
              </value>
            </param>
            <param index="3">
              <value>
                <![CDATA[Male]]>
              </value>
            </param>
            <param index="4">
              <value>
                <![CDATA[q@n.com]]>
              </value>
            </param>
            <param index="5">
              <value>
                <![CDATA[wefgef]]>
              </value>
            </param>
          </params>
          <reporter-output>
          </reporter-output>
        </test-method> <!-- FBRegistrationPageTestCase -->
        <test-method is-config="true" signature="afterMethod()[pri:0, instance:POTestcases.FBRegistrationPageTestCase@790da477]" started-at="2024-12-07T17:59:48 EST" name="afterMethod" finished-at="2024-12-07T17:59:50 EST" duration-ms="1401" status="FAIL">
          <exception class="java.lang.StackOverflowError">
            <full-stacktrace>
              <![CDATA[java.lang.StackOverflowError
at java.base/java.util.stream.ReferencePipeline$3$1.accept(ReferencePipeline.java:197)
at java.base/java.util.stream.ReferencePipeline$2$1.accept(ReferencePipeline.java:179)
at java.base/java.util.Spliterators$ArraySpliterator.forEachRemaining(Spliterators.java:992)
at java.base/java.util.stream.AbstractPipeline.copyInto(AbstractPipeline.java:509)
at java.base/java.util.stream.AbstractPipeline.wrapAndCopyInto(AbstractPipeline.java:499)
at java.base/java.util.stream.ReduceOps$ReduceOp.evaluateSequential(ReduceOps.java:921)
at java.base/java.util.stream.AbstractPipeline.evaluate(AbstractPipeline.java:234)
at java.base/java.util.stream.ReferencePipeline.reduce(ReferencePipeline.java:662)
at org.openqa.selenium.WebDriverException.getDriverName(WebDriverException.java:124)
at org.openqa.selenium.WebDriverException.lambda$getAdditionalInformation$5(WebDriverException.java:134)
at java.base/java.util.concurrent.ConcurrentHashMap.computeIfAbsent(ConcurrentHashMap.java:1708)
at org.openqa.selenium.WebDriverException.getAdditionalInformation(WebDriverException.java:133)
at org.openqa.selenium.WebDriverException.createMessage(WebDriverException.java:88)
at org.openqa.selenium.WebDriverException.getMessage(WebDriverException.java:64)
at org.openqa.selenium.remote.RemoteWebDriver.execute(RemoteWebDriver.java:557)
at org.openqa.selenium.remote.RemoteWebDriver.execute(RemoteWebDriver.java:618)
at org.openqa.selenium.remote.RemoteWebDriver.execute(RemoteWebDriver.java:622)
at org.openqa.selenium.remote.RemoteWebDriver.getScreenshotAs(RemoteWebDriver.java:334)
at Wrappers.HybridGenericWrappers.takeSnap(HybridGenericWrappers.java:658)
at util.reporting.reportStep(reporting.java:33)
at Wrappers.HybridGenericWrappers.takeSnap(HybridGenericWrappers.java:668)
at util.reporting.reportStep(reporting.java:33)
at Wrappers.HybridGenericWrappers.takeSnap(HybridGenericWrappers.java:668)
at util.reporting.reportStep(reporting.java:33)
at Wrappers.HybridGenericWrappers.takeSnap(HybridGenericWrappers.java:668)
at util.reporting.reportStep(reporting.java:33)
at Wrappers.HybridGenericWrappers.takeSnap(HybridGenericWrappers.java:668)
at util.reporting.reportStep(reporting.java:33)
at Wrappers.HybridGenericWrappers.takeSnap(HybridGenericWrappers.java:668)
at util.reporting.reportStep(reporting.java:33)
at Wrappers.HybridGenericWrappers.takeSnap(HybridGenericWrappers.java:668)
at util.reporting.reportStep(reporting.java:33)
at Wrappers.HybridGenericWrappers.takeSnap(HybridGenericWrappers.java:668)
at util.reporting.reportStep(reporting.java:33)
at Wrappers.HybridGenericWrappers.takeSnap(HybridGenericWrappers.java:668)
at util.reporting.reportStep(reporting.java:33)
at Wrappers.HybridGenericWrappers.takeSnap(HybridGenericWrappers.java:668)
at util.reporting.reportStep(reporting.java:33)
at Wrappers.HybridGenericWrappers.takeSnap(HybridGenericWrappers.java:668)
at util.reporting.reportStep(reporting.java:33)
at Wrappers.HybridGenericWrappers.takeSnap(HybridGenericWrappers.java:668)
at util.reporting.reportStep(reporting.java:33)
at Wrappers.HybridGenericWrappers.takeSnap(HybridGenericWrappers.java:668)
at util.reporting.reportStep(reporting.java:33)
at Wrappers.HybridGenericWrappers.takeSnap(HybridGenericWrappers.java:668)
at util.reporting.reportStep(reporting.java:33)
at Wrappers.HybridGenericWrappers.takeSnap(HybridGenericWrappers.java:668)
at util.reporting.reportStep(reporting.java:33)
at Wrappers.HybridGenericWrappers.takeSnap(HybridGenericWrappers.java:668)
at util.reporting.reportStep(reporting.java:33)
at Wrappers.HybridGenericWrappers.takeSnap(HybridGenericWrappers.java:668)
at util.reporting.reportStep(reporting.java:33)
at Wrappers.HybridGenericWrappers.takeSnap(HybridGenericWrappers.java:668)
at util.reporting.reportStep(reporting.java:33)
at Wrappers.HybridGenericWrappers.takeSnap(HybridGenericWrappers.java:668)
at util.reporting.reportStep(reporting.java:33)
at Wrappers.HybridGenericWrappers.takeSnap(HybridGenericWrappers.java:668)
at util.reporting.reportStep(reporting.java:33)
at Wrappers.HybridGenericWrappers.takeSnap(HybridGenericWrappers.java:668)
at util.reporting.reportStep(reporting.java:33)
at Wrappers.HybridGenericWrappers.takeSnap(HybridGenericWrappers.java:668)
at util.reporting.reportStep(reporting.java:33)
at Wrappers.HybridGenericWrappers.takeSnap(HybridGenericWrappers.java:668)
at util.reporting.reportStep(reporting.java:33)
at Wrappers.HybridGenericWrappers.takeSnap(HybridGenericWrappers.java:668)
at util.reporting.reportStep(reporting.java:33)
at Wrappers.HybridGenericWrappers.takeSnap(HybridGenericWrappers.java:668)
at util.reporting.reportStep(reporting.java:33)
at Wrappers.HybridGenericWrappers.takeSnap(HybridGenericWrappers.java:668)
at util.reporting.reportStep(reporting.java:33)
at Wrappers.HybridGenericWrappers.takeSnap(HybridGenericWrappers.java:668)
at util.reporting.reportStep(reporting.java:33)
at Wrappers.HybridGenericWrappers.takeSnap(HybridGenericWrappers.java:668)
at util.reporting.reportStep(reporting.java:33)
at Wrappers.HybridGenericWrappers.takeSnap(HybridGenericWrappers.java:668)
at util.reporting.reportStep(reporting.java:33)
at Wrappers.HybridGenericWrappers.takeSnap(HybridGenericWrappers.java:668)
at util.reporting.reportStep(reporting.java:33)
at Wrappers.HybridGenericWrappers.takeSnap(HybridGenericWrappers.java:668)
at util.reporting.reportStep(reporting.java:33)
at Wrappers.HybridGenericWrappers.takeSnap(HybridGenericWrappers.java:668)
at util.reporting.reportStep(reporting.java:33)
at Wrappers.HybridGenericWrappers.takeSnap(HybridGenericWrappers.java:668)
at util.reporting.reportStep(reporting.java:33)
at Wrappers.HybridGenericWrappers.takeSnap(HybridGenericWrappers.java:668)
at util.reporting.reportStep(reporting.java:33)
at Wrappers.HybridGenericWrappers.takeSnap(HybridGenericWrappers.java:668)
at util.reporting.reportStep(reporting.java:33)
at Wrappers.HybridGenericWrappers.takeSnap(HybridGenericWrappers.java:668)
at util.reporting.reportStep(reporting.java:33)
at Wrappers.HybridGenericWrappers.takeSnap(HybridGenericWrappers.java:668)
at util.reporting.reportStep(reporting.java:33)
at Wrappers.HybridGenericWrappers.takeSnap(HybridGenericWrappers.java:668)
at util.reporting.reportStep(reporting.java:33)
at Wrappers.HybridGenericWrappers.takeSnap(HybridGenericWrappers.java:668)
at util.reporting.reportStep(reporting.java:33)
at Wrappers.HybridGenericWrappers.takeSnap(HybridGenericWrappers.java:668)
at util.reporting.reportStep(reporting.java:33)
at Wrappers.HybridGenericWrappers.takeSnap(HybridGenericWrappers.java:668)
at util.reporting.reportStep(reporting.java:33)
at Wrappers.HybridGenericWrappers.takeSnap(HybridGenericWrappers.java:668)
at util.reporting.reportStep(reporting.java:33)
at Wrappers.HybridGenericWrappers.takeSnap(HybridGenericWrappers.java:668)
at util.reporting.reportStep(reporting.java:33)
at Wrappers.HybridGenericWrappers.takeSnap(HybridGenericWrappers.java:668)
at util.reporting.reportStep(reporting.java:33)
at Wrappers.HybridGenericWrappers.takeSnap(HybridGenericWrappers.java:668)
at util.reporting.reportStep(reporting.java:33)
at Wrappers.HybridGenericWrappers.takeSnap(HybridGenericWrappers.java:668)
at util.reporting.reportStep(reporting.java:33)
at Wrappers.HybridGenericWrappers.takeSnap(HybridGenericWrappers.java:668)
at util.reporting.reportStep(reporting.java:33)
at Wrappers.HybridGenericWrappers.takeSnap(HybridGenericWrappers.java:668)
at util.reporting.reportStep(reporting.java:33)
at Wrappers.HybridGenericWrappers.takeSnap(HybridGenericWrappers.java:668)
at util.reporting.reportStep(reporting.java:33)
at Wrappers.HybridGenericWrappers.takeSnap(HybridGenericWrappers.java:668)
at util.reporting.reportStep(reporting.java:33)
at Wrappers.HybridGenericWrappers.takeSnap(HybridGenericWrappers.java:668)
at util.reporting.reportStep(reporting.java:33)
at Wrappers.HybridGenericWrappers.takeSnap(HybridGenericWrappers.java:668)
at util.reporting.reportStep(reporting.java:33)
at Wrappers.HybridGenericWrappers.takeSnap(HybridGenericWrappers.java:668)
at util.reporting.reportStep(reporting.java:33)
at Wrappers.HybridGenericWrappers.takeSnap(HybridGenericWrappers.java:668)
at util.reporting.reportStep(reporting.java:33)
at Wrappers.HybridGenericWrappers.takeSnap(HybridGenericWrappers.java:668)
at util.reporting.reportStep(reporting.java:33)
at Wrappers.HybridGenericWrappers.takeSnap(HybridGenericWrappers.java:668)
at util.reporting.reportStep(reporting.java:33)
at Wrappers.HybridGenericWrappers.takeSnap(HybridGenericWrappers.java:668)
at util.reporting.reportStep(reporting.java:33)
at Wrappers.HybridGenericWrappers.takeSnap(HybridGenericWrappers.java:668)
at util.reporting.reportStep(reporting.java:33)
at Wrappers.HybridGenericWrappers.takeSnap(HybridGenericWrappers.java:668)
at util.reporting.reportStep(reporting.java:33)
at Wrappers.HybridGenericWrappers.takeSnap(HybridGenericWrappers.java:668)
at util.reporting.reportStep(reporting.java:33)
at Wrappers.HybridGenericWrappers.takeSnap(HybridGenericWrappers.java:668)
at util.reporting.reportStep(reporting.java:33)
at Wrappers.HybridGenericWrappers.takeSnap(HybridGenericWrappers.java:668)
at util.reporting.reportStep(reporting.java:33)
at Wrappers.HybridGenericWrappers.takeSnap(HybridGenericWrappers.java:668)
at util.reporting.reportStep(reporting.java:33)
at Wrappers.HybridGenericWrappers.takeSnap(HybridGenericWrappers.java:668)
at util.reporting.reportStep(reporting.java:33)
at Wrappers.HybridGenericWrappers.takeSnap(HybridGenericWrappers.java:668)
at util.reporting.reportStep(reporting.java:33)
at Wrappers.HybridGenericWrappers.takeSnap(HybridGenericWrappers.java:668)
at util.reporting.reportStep(reporting.java:33)
at Wrappers.HybridGenericWrappers.takeSnap(HybridGenericWrappers.java:668)
at util.reporting.reportStep(reporting.java:33)
at Wrappers.HybridGenericWrappers.takeSnap(HybridGenericWrappers.java:668)
at util.reporting.reportStep(reporting.java:33)
at Wrappers.HybridGenericWrappers.takeSnap(HybridGenericWrappers.java:668)
at util.reporting.reportStep(reporting.java:33)
at Wrappers.HybridGenericWrappers.takeSnap(HybridGenericWrappers.java:668)
at util.reporting.reportStep(reporting.java:33)
at Wrappers.HybridGenericWrappers.takeSnap(HybridGenericWrappers.java:668)
at util.reporting.reportStep(reporting.java:33)
at Wrappers.HybridGenericWrappers.takeSnap(HybridGenericWrappers.java:668)
at util.reporting.reportStep(reporting.java:33)
at Wrappers.HybridGenericWrappers.takeSnap(HybridGenericWrappers.java:668)
at util.reporting.reportStep(reporting.java:33)
at Wrappers.HybridGenericWrappers.takeSnap(HybridGenericWrappers.java:668)
at util.reporting.reportStep(reporting.java:33)
at Wrappers.HybridGenericWrappers.takeSnap(HybridGenericWrappers.java:668)
at util.reporting.reportStep(reporting.java:33)
at Wrappers.HybridGenericWrappers.takeSnap(HybridGenericWrappers.java:668)
at util.reporting.reportStep(reporting.java:33)
at Wrappers.HybridGenericWrappers.takeSnap(HybridGenericWrappers.java:668)
at util.reporting.reportStep(reporting.java:33)
at Wrappers.HybridGenericWrappers.takeSnap(HybridGenericWrappers.java:668)
at util.reporting.reportStep(reporting.java:33)
at Wrappers.HybridGenericWrappers.takeSnap(HybridGenericWrappers.java:668)
at util.reporting.reportStep(reporting.java:33)
at Wrappers.HybridGenericWrappers.takeSnap(HybridGenericWrappers.java:668)
at util.reporting.reportStep(reporting.java:33)
at Wrappers.HybridGenericWrappers.takeSnap(HybridGenericWrappers.java:668)
at util.reporting.reportStep(reporting.java:33)
at Wrappers.HybridGenericWrappers.takeSnap(HybridGenericWrappers.java:668)
at util.reporting.reportStep(reporting.java:33)
at Wrappers.HybridGenericWrappers.takeSnap(HybridGenericWrappers.java:668)
at util.reporting.reportStep(reporting.java:33)
at Wrappers.HybridGenericWrappers.takeSnap(HybridGenericWrappers.java:668)
at util.reporting.reportStep(reporting.java:33)
at Wrappers.HybridGenericWrappers.takeSnap(HybridGenericWrappers.java:668)
at util.reporting.reportStep(reporting.java:33)
at Wrappers.HybridGenericWrappers.takeSnap(HybridGenericWrappers.java:668)
at util.reporting.reportStep(reporting.java:33)
at Wrappers.HybridGenericWrappers.takeSnap(HybridGenericWrappers.java:668)
at util.reporting.reportStep(reporting.java:33)
at Wrappers.HybridGenericWrappers.takeSnap(HybridGenericWrappers.java:668)
at util.reporting.reportStep(reporting.java:33)
at Wrappers.HybridGenericWrappers.takeSnap(HybridGenericWrappers.java:668)
at util.reporting.reportStep(reporting.java:33)
at Wrappers.HybridGenericWrappers.takeSnap(HybridGenericWrappers.java:668)
at util.reporting.reportStep(reporting.java:33)
at Wrappers.HybridGenericWrappers.takeSnap(HybridGenericWrappers.java:668)
at util.reporting.reportStep(reporting.java:33)
at Wrappers.HybridGenericWrappers.takeSnap(HybridGenericWrappers.java:668)
at util.reporting.reportStep(reporting.java:33)
at Wrappers.HybridGenericWrappers.takeSnap(HybridGenericWrappers.java:668)
at util.reporting.reportStep(reporting.java:33)
at Wrappers.HybridGenericWrappers.takeSnap(HybridGenericWrappers.java:668)
at util.reporting.reportStep(reporting.java:33)
at Wrappers.HybridGenericWrappers.takeSnap(HybridGenericWrappers.java:668)
at util.reporting.reportStep(reporting.java:33)
at Wrappers.HybridGenericWrappers.takeSnap(HybridGenericWrappers.java:668)
at util.reporting.reportStep(reporting.java:33)
at Wrappers.HybridGenericWrappers.takeSnap(HybridGenericWrappers.java:668)
at util.reporting.reportStep(reporting.java:33)
at Wrappers.HybridGenericWrappers.takeSnap(HybridGenericWrappers.java:668)
at util.reporting.reportStep(reporting.java:33)
at Wrappers.HybridGenericWrappers.takeSnap(HybridGenericWrappers.java:668)
at util.reporting.reportStep(reporting.java:33)
at Wrappers.HybridGenericWrappers.takeSnap(HybridGenericWrappers.java:668)
at util.reporting.reportStep(reporting.java:33)
at Wrappers.HybridGenericWrappers.takeSnap(HybridGenericWrappers.java:668)
at util.reporting.reportStep(reporting.java:33)
at Wrappers.HybridGenericWrappers.takeSnap(HybridGenericWrappers.java:668)
at util.reporting.reportStep(reporting.java:33)
at Wrappers.HybridGenericWrappers.takeSnap(HybridGenericWrappers.java:668)
at util.reporting.reportStep(reporting.java:33)
at Wrappers.HybridGenericWrappers.takeSnap(HybridGenericWrappers.java:668)
at util.reporting.reportStep(reporting.java:33)
at Wrappers.HybridGenericWrappers.takeSnap(HybridGenericWrappers.java:668)
at util.reporting.reportStep(reporting.java:33)
at Wrappers.HybridGenericWrappers.takeSnap(HybridGenericWrappers.java:668)
at util.reporting.reportStep(reporting.java:33)
at Wrappers.HybridGenericWrappers.takeSnap(HybridGenericWrappers.java:668)
at util.reporting.reportStep(reporting.java:33)
at Wrappers.HybridGenericWrappers.takeSnap(HybridGenericWrappers.java:668)
at util.reporting.reportStep(reporting.java:33)
at Wrappers.HybridGenericWrappers.takeSnap(HybridGenericWrappers.java:668)
at util.reporting.reportStep(reporting.java:33)
at Wrappers.HybridGenericWrappers.takeSnap(HybridGenericWrappers.java:668)
at util.reporting.reportStep(reporting.java:33)
at Wrappers.HybridGenericWrappers.takeSnap(HybridGenericWrappers.java:668)
at util.reporting.reportStep(reporting.java:33)
at Wrappers.HybridGenericWrappers.takeSnap(HybridGenericWrappers.java:668)
at util.reporting.reportStep(reporting.java:33)
at Wrappers.HybridGenericWrappers.takeSnap(HybridGenericWrappers.java:668)
at util.reporting.reportStep(reporting.java:33)
at Wrappers.HybridGenericWrappers.takeSnap(HybridGenericWrappers.java:668)
at util.reporting.reportStep(reporting.java:33)
at Wrappers.HybridGenericWrappers.takeSnap(HybridGenericWrappers.java:668)
at util.reporting.reportStep(reporting.java:33)
at Wrappers.HybridGenericWrappers.takeSnap(HybridGenericWrappers.java:668)
at util.reporting.reportStep(reporting.java:33)
at Wrappers.HybridGenericWrappers.takeSnap(HybridGenericWrappers.java:668)
at util.reporting.reportStep(reporting.java:33)
at Wrappers.HybridGenericWrappers.takeSnap(HybridGenericWrappers.java:668)
at util.reporting.reportStep(reporting.java:33)
at Wrappers.HybridGenericWrappers.takeSnap(HybridGenericWrappers.java:668)
at util.reporting.reportStep(reporting.java:33)
at Wrappers.HybridGenericWrappers.takeSnap(HybridGenericWrappers.java:668)
at util.reporting.reportStep(reporting.java:33)
at Wrappers.HybridGenericWrappers.takeSnap(HybridGenericWrappers.java:668)
at util.reporting.reportStep(reporting.java:33)
at Wrappers.HybridGenericWrappers.takeSnap(HybridGenericWrappers.java:668)
at util.reporting.reportStep(reporting.java:33)
at Wrappers.HybridGenericWrappers.takeSnap(HybridGenericWrappers.java:668)
at util.reporting.reportStep(reporting.java:33)
at Wrappers.HybridGenericWrappers.takeSnap(HybridGenericWrappers.java:668)
at util.reporting.reportStep(reporting.java:33)
at Wrappers.HybridGenericWrappers.takeSnap(HybridGenericWrappers.java:668)
at util.reporting.reportStep(reporting.java:33)
at Wrappers.HybridGenericWrappers.takeSnap(HybridGenericWrappers.java:668)
at util.reporting.reportStep(reporting.java:33)
at Wrappers.HybridGenericWrappers.takeSnap(HybridGenericWrappers.java:668)
at util.reporting.reportStep(reporting.java:33)
at Wrappers.HybridGenericWrappers.takeSnap(HybridGenericWrappers.java:668)
at util.reporting.reportStep(reporting.java:33)
at Wrappers.HybridGenericWrappers.takeSnap(HybridGenericWrappers.java:668)
at util.reporting.reportStep(reporting.java:33)
at Wrappers.HybridGenericWrappers.takeSnap(HybridGenericWrappers.java:668)
at util.reporting.reportStep(reporting.java:33)
at Wrappers.HybridGenericWrappers.takeSnap(HybridGenericWrappers.java:668)
at util.reporting.reportStep(reporting.java:33)
at Wrappers.HybridGenericWrappers.takeSnap(HybridGenericWrappers.java:668)
at util.reporting.reportStep(reporting.java:33)
at Wrappers.HybridGenericWrappers.takeSnap(HybridGenericWrappers.java:668)
at util.reporting.reportStep(reporting.java:33)
at Wrappers.HybridGenericWrappers.takeSnap(HybridGenericWrappers.java:668)
at util.reporting.reportStep(reporting.java:33)
at Wrappers.HybridGenericWrappers.takeSnap(HybridGenericWrappers.java:668)
at util.reporting.reportStep(reporting.java:33)
at Wrappers.HybridGenericWrappers.takeSnap(HybridGenericWrappers.java:668)
at util.reporting.reportStep(reporting.java:33)
at Wrappers.HybridGenericWrappers.takeSnap(HybridGenericWrappers.java:668)
at util.reporting.reportStep(reporting.java:33)
at Wrappers.HybridGenericWrappers.takeSnap(HybridGenericWrappers.java:668)
at util.reporting.reportStep(reporting.java:33)
at Wrappers.HybridGenericWrappers.takeSnap(HybridGenericWrappers.java:668)
at util.reporting.reportStep(reporting.java:33)
at Wrappers.HybridGenericWrappers.takeSnap(HybridGenericWrappers.java:668)
at util.reporting.reportStep(reporting.java:33)
at Wrappers.HybridGenericWrappers.takeSnap(HybridGenericWrappers.java:668)
at util.reporting.reportStep(reporting.java:33)
at Wrappers.HybridGenericWrappers.takeSnap(HybridGenericWrappers.java:668)
at util.reporting.reportStep(reporting.java:33)
at Wrappers.HybridGenericWrappers.takeSnap(HybridGenericWrappers.java:668)
at util.reporting.reportStep(reporting.java:33)
at Wrappers.HybridGenericWrappers.takeSnap(HybridGenericWrappers.java:668)
at util.reporting.reportStep(reporting.java:33)
at Wrappers.HybridGenericWrappers.takeSnap(HybridGenericWrappers.java:668)
at util.reporting.reportStep(reporting.java:33)
at Wrappers.HybridGenericWrappers.takeSnap(HybridGenericWrappers.java:668)
at util.reporting.reportStep(reporting.java:33)
at Wrappers.HybridGenericWrappers.takeSnap(HybridGenericWrappers.java:668)
at util.reporting.reportStep(reporting.java:33)
at Wrappers.HybridGenericWrappers.takeSnap(HybridGenericWrappers.java:668)
at util.reporting.reportStep(reporting.java:33)
at Wrappers.HybridGenericWrappers.takeSnap(HybridGenericWrappers.java:668)
at util.reporting.reportStep(reporting.java:33)
at Wrappers.HybridGenericWrappers.takeSnap(HybridGenericWrappers.java:668)
at util.reporting.reportStep(reporting.java:33)
at Wrappers.HybridGenericWrappers.takeSnap(HybridGenericWrappers.java:668)
at util.reporting.reportStep(reporting.java:33)
at Wrappers.HybridGenericWrappers.takeSnap(HybridGenericWrappers.java:668)
at util.reporting.reportStep(reporting.java:33)
at Wrappers.HybridGenericWrappers.takeSnap(HybridGenericWrappers.java:668)
at util.reporting.reportStep(reporting.java:33)
at Wrappers.HybridGenericWrappers.takeSnap(HybridGenericWrappers.java:668)
at util.reporting.reportStep(reporting.java:33)
at Wrappers.HybridGenericWrappers.takeSnap(HybridGenericWrappers.java:668)
at util.reporting.reportStep(reporting.java:33)
at Wrappers.HybridGenericWrappers.takeSnap(HybridGenericWrappers.java:668)
at util.reporting.reportStep(reporting.java:33)
at Wrappers.HybridGenericWrappers.takeSnap(HybridGenericWrappers.java:668)
at util.reporting.reportStep(reporting.java:33)
at Wrappers.HybridGenericWrappers.takeSnap(HybridGenericWrappers.java:668)
at util.reporting.reportStep(reporting.java:33)
at Wrappers.HybridGenericWrappers.takeSnap(HybridGenericWrappers.java:668)
at util.reporting.reportStep(reporting.java:33)
at Wrappers.HybridGenericWrappers.takeSnap(HybridGenericWrappers.java:668)
at util.reporting.reportStep(reporting.java:33)
at Wrappers.HybridGenericWrappers.takeSnap(HybridGenericWrappers.java:668)
at util.reporting.reportStep(reporting.java:33)
at Wrappers.HybridGenericWrappers.takeSnap(HybridGenericWrappers.java:668)
at util.reporting.reportStep(reporting.java:33)
at Wrappers.HybridGenericWrappers.takeSnap(HybridGenericWrappers.java:668)
at util.reporting.reportStep(reporting.java:33)
at Wrappers.HybridGenericWrappers.takeSnap(HybridGenericWrappers.java:668)
at util.reporting.reportStep(reporting.java:33)
at Wrappers.HybridGenericWrappers.takeSnap(HybridGenericWrappers.java:668)
at util.reporting.reportStep(reporting.java:33)
at Wrappers.HybridGenericWrappers.takeSnap(HybridGenericWrappers.java:668)
at util.reporting.reportStep(reporting.java:33)
at Wrappers.HybridGenericWrappers.takeSnap(HybridGenericWrappers.java:668)
at util.reporting.reportStep(reporting.java:33)
at Wrappers.HybridGenericWrappers.takeSnap(HybridGenericWrappers.java:668)
at util.reporting.reportStep(reporting.java:33)
at Wrappers.HybridGenericWrappers.takeSnap(HybridGenericWrappers.java:668)
at util.reporting.reportStep(reporting.java:33)
at Wrappers.HybridGenericWrappers.takeSnap(HybridGenericWrappers.java:668)
at util.reporting.reportStep(reporting.java:33)
at Wrappers.HybridGenericWrappers.takeSnap(HybridGenericWrappers.java:668)
at util.reporting.reportStep(reporting.java:33)
at Wrappers.HybridGenericWrappers.takeSnap(HybridGenericWrappers.java:668)
at util.reporting.reportStep(reporting.java:33)
at Wrappers.HybridGenericWrappers.takeSnap(HybridGenericWrappers.java:668)
at util.reporting.reportStep(reporting.java:33)
at Wrappers.HybridGenericWrappers.takeSnap(HybridGenericWrappers.java:668)
at util.reporting.reportStep(reporting.java:33)
at Wrappers.HybridGenericWrappers.takeSnap(HybridGenericWrappers.java:668)
at util.reporting.reportStep(reporting.java:33)
at Wrappers.HybridGenericWrappers.takeSnap(HybridGenericWrappers.java:668)
at util.reporting.reportStep(reporting.java:33)
at Wrappers.HybridGenericWrappers.takeSnap(HybridGenericWrappers.java:668)
at util.reporting.reportStep(reporting.java:33)
at Wrappers.HybridGenericWrappers.takeSnap(HybridGenericWrappers.java:668)
at util.reporting.reportStep(reporting.java:33)
at Wrappers.HybridGenericWrappers.takeSnap(HybridGenericWrappers.java:668)
at util.reporting.reportStep(reporting.java:33)
at Wrappers.HybridGenericWrappers.takeSnap(HybridGenericWrappers.java:668)
at util.reporting.reportStep(reporting.java:33)
at Wrappers.HybridGenericWrappers.takeSnap(HybridGenericWrappers.java:668)
at util.reporting.reportStep(reporting.java:33)
at Wrappers.HybridGenericWrappers.takeSnap(HybridGenericWrappers.java:668)
at util.reporting.reportStep(reporting.java:33)
at Wrappers.HybridGenericWrappers.takeSnap(HybridGenericWrappers.java:668)
at util.reporting.reportStep(reporting.java:33)
at Wrappers.HybridGenericWrappers.takeSnap(HybridGenericWrappers.java:668)
at util.reporting.reportStep(reporting.java:33)
at Wrappers.HybridGenericWrappers.takeSnap(HybridGenericWrappers.java:668)
at util.reporting.reportStep(reporting.java:33)
at Wrappers.HybridGenericWrappers.takeSnap(HybridGenericWrappers.java:668)
at util.reporting.reportStep(reporting.java:33)
at Wrappers.HybridGenericWrappers.takeSnap(HybridGenericWrappers.java:668)
at util.reporting.reportStep(reporting.java:33)
at Wrappers.HybridGenericWrappers.takeSnap(HybridGenericWrappers.java:668)
at util.reporting.reportStep(reporting.java:33)
at Wrappers.HybridGenericWrappers.takeSnap(HybridGenericWrappers.java:668)
at util.reporting.reportStep(reporting.java:33)
at Wrappers.HybridGenericWrappers.takeSnap(HybridGenericWrappers.java:668)
at util.reporting.reportStep(reporting.java:33)
at Wrappers.HybridGenericWrappers.takeSnap(HybridGenericWrappers.java:668)
at util.reporting.reportStep(reporting.java:33)
at Wrappers.HybridGenericWrappers.takeSnap(HybridGenericWrappers.java:668)
at util.reporting.reportStep(reporting.java:33)
at Wrappers.HybridGenericWrappers.takeSnap(HybridGenericWrappers.java:668)
at util.reporting.reportStep(reporting.java:33)
at Wrappers.HybridGenericWrappers.takeSnap(HybridGenericWrappers.java:668)
at util.reporting.reportStep(reporting.java:33)
at Wrappers.HybridGenericWrappers.takeSnap(HybridGenericWrappers.java:668)
at util.reporting.reportStep(reporting.java:33)
at Wrappers.HybridGenericWrappers.takeSnap(HybridGenericWrappers.java:668)
at util.reporting.reportStep(reporting.java:33)
at Wrappers.HybridGenericWrappers.takeSnap(HybridGenericWrappers.java:668)
at util.reporting.reportStep(reporting.java:33)
at Wrappers.HybridGenericWrappers.takeSnap(HybridGenericWrappers.java:668)
at util.reporting.reportStep(reporting.java:33)
at Wrappers.HybridGenericWrappers.takeSnap(HybridGenericWrappers.java:668)
at util.reporting.reportStep(reporting.java:33)
at Wrappers.HybridGenericWrappers.takeSnap(HybridGenericWrappers.java:668)
at util.reporting.reportStep(reporting.java:33)
at Wrappers.HybridGenericWrappers.takeSnap(HybridGenericWrappers.java:668)
at util.reporting.reportStep(reporting.java:33)
at Wrappers.HybridGenericWrappers.takeSnap(HybridGenericWrappers.java:668)
at util.reporting.reportStep(reporting.java:33)
at Wrappers.HybridGenericWrappers.takeSnap(HybridGenericWrappers.java:668)
at util.reporting.reportStep(reporting.java:33)
at Wrappers.HybridGenericWrappers.takeSnap(HybridGenericWrappers.java:668)
at util.reporting.reportStep(reporting.java:33)
at Wrappers.HybridGenericWrappers.takeSnap(HybridGenericWrappers.java:668)
at util.reporting.reportStep(reporting.java:33)
at Wrappers.HybridGenericWrappers.takeSnap(HybridGenericWrappers.java:668)
at util.reporting.reportStep(reporting.java:33)
at Wrappers.HybridGenericWrappers.takeSnap(HybridGenericWrappers.java:668)
at util.reporting.reportStep(reporting.java:33)
at Wrappers.HybridGenericWrappers.takeSnap(HybridGenericWrappers.java:668)
at util.reporting.reportStep(reporting.java:33)
at Wrappers.HybridGenericWrappers.takeSnap(HybridGenericWrappers.java:668)
at util.reporting.reportStep(reporting.java:33)
at Wrappers.HybridGenericWrappers.takeSnap(HybridGenericWrappers.java:668)
at util.reporting.reportStep(reporting.java:33)
at Wrappers.HybridGenericWrappers.takeSnap(HybridGenericWrappers.java:668)
at util.reporting.reportStep(reporting.java:33)
at Wrappers.HybridGenericWrappers.takeSnap(HybridGenericWrappers.java:668)
at util.reporting.reportStep(reporting.java:33)
at Wrappers.HybridGenericWrappers.takeSnap(HybridGenericWrappers.java:668)
at util.reporting.reportStep(reporting.java:33)
at Wrappers.HybridGenericWrappers.takeSnap(HybridGenericWrappers.java:668)
at util.reporting.reportStep(reporting.java:33)
at Wrappers.HybridGenericWrappers.takeSnap(HybridGenericWrappers.java:668)
at util.reporting.reportStep(reporting.java:33)
at Wrappers.HybridGenericWrappers.takeSnap(HybridGenericWrappers.java:668)
at util.reporting.reportStep(reporting.java:33)
at Wrappers.HybridGenericWrappers.takeSnap(HybridGenericWrappers.java:668)
at util.reporting.reportStep(reporting.java:33)
at Wrappers.HybridGenericWrappers.takeSnap(HybridGenericWrappers.java:668)
at util.reporting.reportStep(reporting.java:33)
at Wrappers.HybridGenericWrappers.takeSnap(HybridGenericWrappers.java:668)
at util.reporting.reportStep(reporting.java:33)
at Wrappers.HybridGenericWrappers.takeSnap(HybridGenericWrappers.java:668)
at util.reporting.reportStep(reporting.java:33)
at Wrappers.HybridGenericWrappers.takeSnap(HybridGenericWrappers.java:668)
at util.reporting.reportStep(reporting.java:33)
at Wrappers.HybridGenericWrappers.takeSnap(HybridGenericWrappers.java:668)
at util.reporting.reportStep(reporting.java:33)
at Wrappers.HybridGenericWrappers.takeSnap(HybridGenericWrappers.java:668)
at util.reporting.reportStep(reporting.java:33)
at Wrappers.HybridGenericWrappers.takeSnap(HybridGenericWrappers.java:668)
at util.reporting.reportStep(reporting.java:33)
at Wrappers.HybridGenericWrappers.takeSnap(HybridGenericWrappers.java:668)
at util.reporting.reportStep(reporting.java:33)
at Wrappers.HybridGenericWrappers.takeSnap(HybridGenericWrappers.java:668)
at util.reporting.reportStep(reporting.java:33)
at Wrappers.HybridGenericWrappers.takeSnap(HybridGenericWrappers.java:668)
at util.reporting.reportStep(reporting.java:33)
at Wrappers.HybridGenericWrappers.takeSnap(HybridGenericWrappers.java:668)
at util.reporting.reportStep(reporting.java:33)
at Wrappers.HybridGenericWrappers.takeSnap(HybridGenericWrappers.java:668)
at util.reporting.reportStep(reporting.java:33)
at Wrappers.HybridGenericWrappers.takeSnap(HybridGenericWrappers.java:668)
at util.reporting.reportStep(reporting.java:33)
at Wrappers.HybridGenericWrappers.takeSnap(HybridGenericWrappers.java:668)
at util.reporting.reportStep(reporting.java:33)
at Wrappers.HybridGenericWrappers.takeSnap(HybridGenericWrappers.java:668)
at util.reporting.reportStep(reporting.java:33)
at Wrappers.HybridGenericWrappers.takeSnap(HybridGenericWrappers.java:668)
at util.reporting.reportStep(reporting.java:33)
at Wrappers.HybridGenericWrappers.takeSnap(HybridGenericWrappers.java:668)
at util.reporting.reportStep(reporting.java:33)
at Wrappers.HybridGenericWrappers.takeSnap(HybridGenericWrappers.java:668)
at util.reporting.reportStep(reporting.java:33)
at Wrappers.HybridGenericWrappers.takeSnap(HybridGenericWrappers.java:668)
at util.reporting.reportStep(reporting.java:33)
at Wrappers.HybridGenericWrappers.takeSnap(HybridGenericWrappers.java:668)
at util.reporting.reportStep(reporting.java:33)
at Wrappers.HybridGenericWrappers.takeSnap(HybridGenericWrappers.java:668)
at util.reporting.reportStep(reporting.java:33)
at Wrappers.HybridGenericWrappers.takeSnap(HybridGenericWrappers.java:668)
at util.reporting.reportStep(reporting.java:33)
at Wrappers.HybridGenericWrappers.takeSnap(HybridGenericWrappers.java:668)
at util.reporting.reportStep(reporting.java:33)
at Wrappers.HybridGenericWrappers.takeSnap(HybridGenericWrappers.java:668)
at util.reporting.reportStep(reporting.java:33)
at Wrappers.HybridGenericWrappers.takeSnap(HybridGenericWrappers.java:668)
at util.reporting.reportStep(reporting.java:33)
at Wrappers.HybridGenericWrappers.takeSnap(HybridGenericWrappers.java:668)
at util.reporting.reportStep(reporting.java:33)
at Wrappers.HybridGenericWrappers.takeSnap(HybridGenericWrappers.java:668)
at util.reporting.reportStep(reporting.java:33)
at Wrappers.HybridGenericWrappers.takeSnap(HybridGenericWrappers.java:668)
at util.reporting.reportStep(reporting.java:33)
at Wrappers.HybridGenericWrappers.takeSnap(HybridGenericWrappers.java:668)
at util.reporting.reportStep(reporting.java:33)
at Wrappers.HybridGenericWrappers.takeSnap(HybridGenericWrappers.java:668)
at util.reporting.reportStep(reporting.java:33)
at Wrappers.HybridGenericWrappers.takeSnap(HybridGenericWrappers.java:668)
at util.reporting.reportStep(reporting.java:33)
at Wrappers.HybridGenericWrappers.takeSnap(HybridGenericWrappers.java:668)
at util.reporting.reportStep(reporting.java:33)
at Wrappers.HybridGenericWrappers.takeSnap(HybridGenericWrappers.java:668)
at util.reporting.reportStep(reporting.java:33)
at Wrappers.HybridGenericWrappers.takeSnap(HybridGenericWrappers.java:668)
at util.reporting.reportStep(reporting.java:33)
at Wrappers.HybridGenericWrappers.takeSnap(HybridGenericWrappers.java:668)
at util.reporting.reportStep(reporting.java:33)
at Wrappers.HybridGenericWrappers.takeSnap(HybridGenericWrappers.java:668)
at util.reporting.reportStep(reporting.java:33)
at Wrappers.HybridGenericWrappers.takeSnap(HybridGenericWrappers.java:668)
at util.reporting.reportStep(reporting.java:33)
at Wrappers.HybridGenericWrappers.takeSnap(HybridGenericWrappers.java:668)
at util.reporting.reportStep(reporting.java:33)
at Wrappers.HybridGenericWrappers.takeSnap(HybridGenericWrappers.java:668)
at util.reporting.reportStep(reporting.java:33)
at Wrappers.HybridGenericWrappers.takeSnap(HybridGenericWrappers.java:668)
at util.reporting.reportStep(reporting.java:33)
at Wrappers.HybridGenericWrappers.takeSnap(HybridGenericWrappers.java:668)
at util.reporting.reportStep(reporting.java:33)
at Wrappers.HybridGenericWrappers.takeSnap(HybridGenericWrappers.java:668)
at util.reporting.reportStep(reporting.java:33)
at Wrappers.HybridGenericWrappers.takeSnap(HybridGenericWrappers.java:668)
at util.reporting.reportStep(reporting.java:33)
at Wrappers.HybridGenericWrappers.takeSnap(HybridGenericWrappers.java:668)
at util.reporting.reportStep(reporting.java:33)
at Wrappers.HybridGenericWrappers.takeSnap(HybridGenericWrappers.java:668)
at util.reporting.reportStep(reporting.java:33)
at Wrappers.HybridGenericWrappers.takeSnap(HybridGenericWrappers.java:668)
at util.reporting.reportStep(reporting.java:33)
at Wrappers.HybridGenericWrappers.takeSnap(HybridGenericWrappers.java:668)
at util.reporting.reportStep(reporting.java:33)
at Wrappers.HybridGenericWrappers.takeSnap(HybridGenericWrappers.java:668)
at util.reporting.reportStep(reporting.java:33)
at Wrappers.HybridGenericWrappers.takeSnap(HybridGenericWrappers.java:668)
at util.reporting.reportStep(reporting.java:33)
at Wrappers.HybridGenericWrappers.takeSnap(HybridGenericWrappers.java:668)
at util.reporting.reportStep(reporting.java:33)
at Wrappers.HybridGenericWrappers.takeSnap(HybridGenericWrappers.java:668)
at util.reporting.reportStep(reporting.java:33)
at Wrappers.HybridGenericWrappers.takeSnap(HybridGenericWrappers.java:668)
at util.reporting.reportStep(reporting.java:33)
at Wrappers.HybridGenericWrappers.takeSnap(HybridGenericWrappers.java:668)
at util.reporting.reportStep(reporting.java:33)
at Wrappers.HybridGenericWrappers.takeSnap(HybridGenericWrappers.java:668)
at util.reporting.reportStep(reporting.java:33)
at Wrappers.HybridGenericWrappers.takeSnap(HybridGenericWrappers.java:668)
at util.reporting.reportStep(reporting.java:33)
at Wrappers.HybridGenericWrappers.takeSnap(HybridGenericWrappers.java:668)
at util.reporting.reportStep(reporting.java:33)
at Wrappers.HybridGenericWrappers.takeSnap(HybridGenericWrappers.java:668)
at util.reporting.reportStep(reporting.java:33)
at Wrappers.HybridGenericWrappers.takeSnap(HybridGenericWrappers.java:668)
at util.reporting.reportStep(reporting.java:33)
at Wrappers.HybridGenericWrappers.takeSnap(HybridGenericWrappers.java:668)
at util.reporting.reportStep(reporting.java:33)
at Wrappers.HybridGenericWrappers.takeSnap(HybridGenericWrappers.java:668)
at util.reporting.reportStep(reporting.java:33)
at Wrappers.HybridGenericWrappers.takeSnap(HybridGenericWrappers.java:668)
at util.reporting.reportStep(reporting.java:33)
at Wrappers.HybridGenericWrappers.takeSnap(HybridGenericWrappers.java:668)
at util.reporting.reportStep(reporting.java:33)
at Wrappers.HybridGenericWrappers.takeSnap(HybridGenericWrappers.java:668)
at util.reporting.reportStep(reporting.java:33)
at Wrappers.HybridGenericWrappers.takeSnap(HybridGenericWrappers.java:668)
at util.reporting.reportStep(reporting.java:33)
at Wrappers.HybridGenericWrappers.takeSnap(HybridGenericWrappers.java:668)
at util.reporting.reportStep(reporting.java:33)
at Wrappers.HybridGenericWrappers.takeSnap(HybridGenericWrappers.java:668)
at util.reporting.reportStep(reporting.java:33)
at Wrappers.HybridGenericWrappers.takeSnap(HybridGenericWrappers.java:668)
at util.reporting.reportStep(reporting.java:33)
at Wrappers.HybridGenericWrappers.takeSnap(HybridGenericWrappers.java:668)
at util.reporting.reportStep(reporting.java:33)
at Wrappers.HybridGenericWrappers.takeSnap(HybridGenericWrappers.java:668)
at util.reporting.reportStep(reporting.java:33)
at Wrappers.HybridGenericWrappers.takeSnap(HybridGenericWrappers.java:668)
at util.reporting.reportStep(reporting.java:33)
at Wrappers.HybridGenericWrappers.takeSnap(HybridGenericWrappers.java:668)
at util.reporting.reportStep(reporting.java:33)
at Wrappers.HybridGenericWrappers.takeSnap(HybridGenericWrappers.java:668)
at util.reporting.reportStep(reporting.java:33)
at Wrappers.HybridGenericWrappers.takeSnap(HybridGenericWrappers.java:668)
at util.reporting.reportStep(reporting.java:33)
at Wrappers.HybridGenericWrappers.takeSnap(HybridGenericWrappers.java:668)
at util.reporting.reportStep(reporting.java:33)
at Wrappers.HybridGenericWrappers.takeSnap(HybridGenericWrappers.java:668)
at util.reporting.reportStep(reporting.java:33)
at Wrappers.HybridGenericWrappers.takeSnap(HybridGenericWrappers.java:668)
at util.reporting.reportStep(reporting.java:33)
at Wrappers.HybridGenericWrappers.takeSnap(HybridGenericWrappers.java:668)
at util.reporting.reportStep(reporting.java:33)
at Wrappers.HybridGenericWrappers.takeSnap(HybridGenericWrappers.java:668)
at util.reporting.reportStep(reporting.java:33)
at Wrappers.HybridGenericWrappers.takeSnap(HybridGenericWrappers.java:668)
at util.reporting.reportStep(reporting.java:33)
at Wrappers.HybridGenericWrappers.takeSnap(HybridGenericWrappers.java:668)
at util.reporting.reportStep(reporting.java:33)
at Wrappers.HybridGenericWrappers.takeSnap(HybridGenericWrappers.java:668)
at util.reporting.reportStep(reporting.java:33)
at Wrappers.HybridGenericWrappers.takeSnap(HybridGenericWrappers.java:668)
at util.reporting.reportStep(reporting.java:33)
at Wrappers.HybridGenericWrappers.takeSnap(HybridGenericWrappers.java:668)
at util.reporting.reportStep(reporting.java:33)
at Wrappers.HybridGenericWrappers.takeSnap(HybridGenericWrappers.java:668)
at util.reporting.reportStep(reporting.java:33)
at Wrappers.HybridGenericWrappers.takeSnap(HybridGenericWrappers.java:668)
at util.reporting.reportStep(reporting.java:33)
at Wrappers.HybridGenericWrappers.takeSnap(HybridGenericWrappers.java:668)
at util.reporting.reportStep(reporting.java:33)
at Wrappers.HybridGenericWrappers.takeSnap(HybridGenericWrappers.java:668)
at util.reporting.reportStep(reporting.java:33)
at Wrappers.HybridGenericWrappers.takeSnap(HybridGenericWrappers.java:668)
at util.reporting.reportStep(reporting.java:33)
at Wrappers.HybridGenericWrappers.takeSnap(HybridGenericWrappers.java:668)
at util.reporting.reportStep(reporting.java:33)
at Wrappers.HybridGenericWrappers.takeSnap(HybridGenericWrappers.java:668)
at util.reporting.reportStep(reporting.java:33)
at Wrappers.HybridGenericWrappers.takeSnap(HybridGenericWrappers.java:668)
at util.reporting.reportStep(reporting.java:33)
at Wrappers.HybridGenericWrappers.takeSnap(HybridGenericWrappers.java:668)
at util.reporting.reportStep(reporting.java:33)
at Wrappers.HybridGenericWrappers.takeSnap(HybridGenericWrappers.java:668)
at util.reporting.reportStep(reporting.java:33)
at Wrappers.HybridGenericWrappers.takeSnap(HybridGenericWrappers.java:668)
at util.reporting.reportStep(reporting.java:33)
at Wrappers.HybridGenericWrappers.takeSnap(HybridGenericWrappers.java:668)
at util.reporting.reportStep(reporting.java:33)
at Wrappers.HybridGenericWrappers.takeSnap(HybridGenericWrappers.java:668)
at util.reporting.reportStep(reporting.java:33)
at Wrappers.HybridGenericWrappers.takeSnap(HybridGenericWrappers.java:668)
at util.reporting.reportStep(reporting.java:33)
at Wrappers.HybridGenericWrappers.takeSnap(HybridGenericWrappers.java:668)
at util.reporting.reportStep(reporting.java:33)
at Wrappers.HybridGenericWrappers.takeSnap(HybridGenericWrappers.java:668)
at util.reporting.reportStep(reporting.java:33)
at Wrappers.HybridGenericWrappers.takeSnap(HybridGenericWrappers.java:668)
at util.reporting.reportStep(reporting.java:33)
at Wrappers.HybridGenericWrappers.takeSnap(HybridGenericWrappers.java:668)
at util.reporting.reportStep(reporting.java:33)
at Wrappers.HybridGenericWrappers.takeSnap(HybridGenericWrappers.java:668)
at util.reporting.reportStep(reporting.java:33)
at Wrappers.HybridGenericWrappers.takeSnap(HybridGenericWrappers.java:668)
at util.reporting.reportStep(reporting.java:33)
at Wrappers.HybridGenericWrappers.takeSnap(HybridGenericWrappers.java:668)
at util.reporting.reportStep(reporting.java:33)
at Wrappers.HybridGenericWrappers.takeSnap(HybridGenericWrappers.java:668)
at util.reporting.reportStep(reporting.java:33)
at Wrappers.HybridGenericWrappers.takeSnap(HybridGenericWrappers.java:668)
at util.reporting.reportStep(reporting.java:33)
at Wrappers.HybridGenericWrappers.takeSnap(HybridGenericWrappers.java:668)
at util.reporting.reportStep(reporting.java:33)
at Wrappers.HybridGenericWrappers.takeSnap(HybridGenericWrappers.java:668)
at util.reporting.reportStep(reporting.java:33)
at Wrappers.HybridGenericWrappers.takeSnap(HybridGenericWrappers.java:668)
at util.reporting.reportStep(reporting.java:33)
at Wrappers.HybridGenericWrappers.takeSnap(HybridGenericWrappers.java:668)
at util.reporting.reportStep(reporting.java:33)
at Wrappers.HybridGenericWrappers.takeSnap(HybridGenericWrappers.java:668)
at util.reporting.reportStep(reporting.java:33)
at Wrappers.HybridGenericWrappers.takeSnap(HybridGenericWrappers.java:668)
at util.reporting.reportStep(reporting.java:33)
at Wrappers.HybridGenericWrappers.takeSnap(HybridGenericWrappers.java:668)
at util.reporting.reportStep(reporting.java:33)
at Wrappers.HybridGenericWrappers.takeSnap(HybridGenericWrappers.java:668)
at util.reporting.reportStep(reporting.java:33)
at Wrappers.HybridGenericWrappers.takeSnap(HybridGenericWrappers.java:668)
at util.reporting.reportStep(reporting.java:33)
at Wrappers.HybridGenericWrappers.takeSnap(HybridGenericWrappers.java:668)
at util.reporting.reportStep(reporting.java:33)
at Wrappers.HybridGenericWrappers.takeSnap(HybridGenericWrappers.java:668)
at util.reporting.reportStep(reporting.java:33)
at Wrappers.HybridGenericWrappers.takeSnap(HybridGenericWrappers.java:668)
at util.reporting.reportStep(reporting.java:33)
at Wrappers.HybridGenericWrappers.takeSnap(HybridGenericWrappers.java:668)
at util.reporting.reportStep(reporting.java:33)
at Wrappers.HybridGenericWrappers.takeSnap(HybridGenericWrappers.java:668)
at util.reporting.reportStep(reporting.java:33)
at Wrappers.HybridGenericWrappers.takeSnap(HybridGenericWrappers.java:668)
at util.reporting.reportStep(reporting.java:33)
at Wrappers.HybridGenericWrappers.takeSnap(HybridGenericWrappers.java:668)
at util.reporting.reportStep(reporting.java:33)
at Wrappers.HybridGenericWrappers.takeSnap(HybridGenericWrappers.java:668)
at util.reporting.reportStep(reporting.java:33)
at Wrappers.HybridGenericWrappers.takeSnap(HybridGenericWrappers.java:668)
at util.reporting.reportStep(reporting.java:33)
at Wrappers.HybridGenericWrappers.takeSnap(HybridGenericWrappers.java:668)
at util.reporting.reportStep(reporting.java:33)
at Wrappers.HybridGenericWrappers.takeSnap(HybridGenericWrappers.java:668)
at util.reporting.reportStep(reporting.java:33)
at Wrappers.HybridGenericWrappers.takeSnap(HybridGenericWrappers.java:668)
at util.reporting.reportStep(reporting.java:33)
at Wrappers.HybridGenericWrappers.takeSnap(HybridGenericWrappers.java:668)
at util.reporting.reportStep(reporting.java:33)
at Wrappers.HybridGenericWrappers.takeSnap(HybridGenericWrappers.java:668)
at util.reporting.reportStep(reporting.java:33)
at Wrappers.HybridGenericWrappers.takeSnap(HybridGenericWrappers.java:668)
at util.reporting.reportStep(reporting.java:33)
at Wrappers.HybridGenericWrappers.takeSnap(HybridGenericWrappers.java:668)
at util.reporting.reportStep(reporting.java:33)
at Wrappers.HybridGenericWrappers.takeSnap(HybridGenericWrappers.java:668)
at util.reporting.reportStep(reporting.java:33)
at Wrappers.HybridGenericWrappers.takeSnap(HybridGenericWrappers.java:668)
at util.reporting.reportStep(reporting.java:33)
at Wrappers.HybridGenericWrappers.takeSnap(HybridGenericWrappers.java:668)
at util.reporting.reportStep(reporting.java:33)
at Wrappers.HybridGenericWrappers.takeSnap(HybridGenericWrappers.java:668)
at util.reporting.reportStep(reporting.java:33)
at Wrappers.HybridGenericWrappers.takeSnap(HybridGenericWrappers.java:668)
at util.reporting.reportStep(reporting.java:33)
at Wrappers.HybridGenericWrappers.takeSnap(HybridGenericWrappers.java:668)
at util.reporting.reportStep(reporting.java:33)
at Wrappers.HybridGenericWrappers.takeSnap(HybridGenericWrappers.java:668)
at util.reporting.reportStep(reporting.java:33)
at Wrappers.HybridGenericWrappers.takeSnap(HybridGenericWrappers.java:668)
at util.reporting.reportStep(reporting.java:33)
at Wrappers.HybridGenericWrappers.takeSnap(HybridGenericWrappers.java:668)
at util.reporting.reportStep(reporting.java:33)
at Wrappers.HybridGenericWrappers.takeSnap(HybridGenericWrappers.java:668)
at util.reporting.reportStep(reporting.java:33)
at Wrappers.HybridGenericWrappers.takeSnap(HybridGenericWrappers.java:668)
at util.reporting.reportStep(reporting.java:33)
at Wrappers.HybridGenericWrappers.takeSnap(HybridGenericWrappers.java:668)
at util.reporting.reportStep(reporting.java:33)
at Wrappers.HybridGenericWrappers.takeSnap(HybridGenericWrappers.java:668)
at util.reporting.reportStep(reporting.java:33)
at Wrappers.HybridGenericWrappers.takeSnap(HybridGenericWrappers.java:668)
at util.reporting.reportStep(reporting.java:33)
at Wrappers.HybridGenericWrappers.takeSnap(HybridGenericWrappers.java:668)
at util.reporting.reportStep(reporting.java:33)
at Wrappers.HybridGenericWrappers.takeSnap(HybridGenericWrappers.java:668)
at util.reporting.reportStep(reporting.java:33)
at Wrappers.HybridGenericWrappers.takeSnap(HybridGenericWrappers.java:668)
at util.reporting.reportStep(reporting.java:33)
at Wrappers.HybridGenericWrappers.takeSnap(HybridGenericWrappers.java:668)
at util.reporting.reportStep(reporting.java:33)
at Wrappers.HybridGenericWrappers.takeSnap(HybridGenericWrappers.java:668)
at util.reporting.reportStep(reporting.java:33)
at Wrappers.HybridGenericWrappers.takeSnap(HybridGenericWrappers.java:668)
at util.reporting.reportStep(reporting.java:33)
at Wrappers.HybridGenericWrappers.takeSnap(HybridGenericWrappers.java:668)
at util.reporting.reportStep(reporting.java:33)
at Wrappers.HybridGenericWrappers.takeSnap(HybridGenericWrappers.java:668)
at util.reporting.reportStep(reporting.java:33)
at Wrappers.HybridGenericWrappers.takeSnap(HybridGenericWrappers.java:668)
at util.reporting.reportStep(reporting.java:33)
at Wrappers.HybridGenericWrappers.takeSnap(HybridGenericWrappers.java:668)
at util.reporting.reportStep(reporting.java:33)
at Wrappers.HybridGenericWrappers.takeSnap(HybridGenericWrappers.java:668)
at util.reporting.reportStep(reporting.java:33)
at Wrappers.HybridGenericWrappers.takeSnap(HybridGenericWrappers.java:668)
at util.reporting.reportStep(reporting.java:33)
at Wrappers.HybridGenericWrappers.takeSnap(HybridGenericWrappers.java:668)
at util.reporting.reportStep(reporting.java:33)
at Wrappers.HybridGenericWrappers.takeSnap(HybridGenericWrappers.java:668)
at util.reporting.reportStep(reporting.java:33)
at Wrappers.HybridGenericWrappers.takeSnap(HybridGenericWrappers.java:668)
at util.reporting.reportStep(reporting.java:33)
at Wrappers.HybridGenericWrappers.takeSnap(HybridGenericWrappers.java:668)
at util.reporting.reportStep(reporting.java:33)
at Wrappers.HybridGenericWrappers.takeSnap(HybridGenericWrappers.java:668)
at util.reporting.reportStep(reporting.java:33)
at Wrappers.HybridGenericWrappers.takeSnap(HybridGenericWrappers.java:668)
at util.reporting.reportStep(reporting.java:33)
at Wrappers.HybridGenericWrappers.takeSnap(HybridGenericWrappers.java:668)
at util.reporting.reportStep(reporting.java:33)
at Wrappers.HybridGenericWrappers.takeSnap(HybridGenericWrappers.java:668)
at util.reporting.reportStep(reporting.java:33)
at Wrappers.HybridGenericWrappers.takeSnap(HybridGenericWrappers.java:668)
at util.reporting.reportStep(reporting.java:33)
at Wrappers.HybridGenericWrappers.takeSnap(HybridGenericWrappers.java:668)
at util.reporting.reportStep(reporting.java:33)
at Wrappers.HybridGenericWrappers.takeSnap(HybridGenericWrappers.java:668)
at util.reporting.reportStep(reporting.java:33)
at Wrappers.HybridGenericWrappers.takeSnap(HybridGenericWrappers.java:668)
at util.reporting.reportStep(reporting.java:33)
at Wrappers.HybridGenericWrappers.takeSnap(HybridGenericWrappers.java:668)
at util.reporting.reportStep(reporting.java:33)
at Wrappers.HybridGenericWrappers.takeSnap(HybridGenericWrappers.java:668)
at util.reporting.reportStep(reporting.java:33)
at Wrappers.HybridGenericWrappers.takeSnap(HybridGenericWrappers.java:668)
at util.reporting.reportStep(reporting.java:33)
at Wrappers.HybridGenericWrappers.takeSnap(HybridGenericWrappers.java:668)
at util.reporting.reportStep(reporting.java:33)
at Wrappers.HybridGenericWrappers.takeSnap(HybridGenericWrappers.java:668)
at util.reporting.reportStep(reporting.java:33)
at Wrappers.HybridGenericWrappers.takeSnap(HybridGenericWrappers.java:668)
at util.reporting.reportStep(reporting.java:33)
at Wrappers.HybridGenericWrappers.takeSnap(HybridGenericWrappers.java:668)
at util.reporting.reportStep(reporting.java:33)
at Wrappers.HybridGenericWrappers.takeSnap(HybridGenericWrappers.java:668)
at util.reporting.reportStep(reporting.java:33)
at Wrappers.HybridGenericWrappers.takeSnap(HybridGenericWrappers.java:668)
at util.reporting.reportStep(reporting.java:33)
at Wrappers.HybridGenericWrappers.takeSnap(HybridGenericWrappers.java:668)
at util.reporting.reportStep(reporting.java:33)
at Wrappers.HybridGenericWrappers.takeSnap(HybridGenericWrappers.java:668)
at util.reporting.reportStep(reporting.java:33)
at Wrappers.HybridGenericWrappers.takeSnap(HybridGenericWrappers.java:668)
at util.reporting.reportStep(reporting.java:33)
at Wrappers.HybridGenericWrappers.takeSnap(HybridGenericWrappers.java:668)
at util.reporting.reportStep(reporting.java:33)
at Wrappers.HybridGenericWrappers.takeSnap(HybridGenericWrappers.java:668)
at util.reporting.reportStep(reporting.java:33)
at Wrappers.HybridGenericWrappers.takeSnap(HybridGenericWrappers.java:668)
at util.reporting.reportStep(reporting.java:33)
at Wrappers.HybridGenericWrappers.takeSnap(HybridGenericWrappers.java:668)
at util.reporting.reportStep(reporting.java:33)
at Wrappers.HybridGenericWrappers.takeSnap(HybridGenericWrappers.java:668)
at util.reporting.reportStep(reporting.java:33)
at Wrappers.HybridGenericWrappers.takeSnap(HybridGenericWrappers.java:668)
at util.reporting.reportStep(reporting.java:33)
at Wrappers.HybridGenericWrappers.takeSnap(HybridGenericWrappers.java:668)
at util.reporting.reportStep(reporting.java:33)
at Wrappers.HybridGenericWrappers.takeSnap(HybridGenericWrappers.java:668)
at util.reporting.reportStep(reporting.java:33)
at Wrappers.HybridGenericWrappers.takeSnap(HybridGenericWrappers.java:668)
at util.reporting.reportStep(reporting.java:33)
at Wrappers.HybridGenericWrappers.takeSnap(HybridGenericWrappers.java:668)
at util.reporting.reportStep(reporting.java:33)
at Wrappers.HybridGenericWrappers.takeSnap(HybridGenericWrappers.java:668)
at util.reporting.reportStep(reporting.java:33)
at Wrappers.HybridGenericWrappers.takeSnap(HybridGenericWrappers.java:668)
at util.reporting.reportStep(reporting.java:33)
at Wrappers.HybridGenericWrappers.takeSnap(HybridGenericWrappers.java:668)
at util.reporting.reportStep(reporting.java:33)
at Wrappers.HybridGenericWrappers.takeSnap(HybridGenericWrappers.java:668)
at util.reporting.reportStep(reporting.java:33)
at Wrappers.HybridGenericWrappers.takeSnap(HybridGenericWrappers.java:668)
at util.reporting.reportStep(reporting.java:33)
at Wrappers.HybridGenericWrappers.takeSnap(HybridGenericWrappers.java:668)
at util.reporting.reportStep(reporting.java:33)
at Wrappers.HybridGenericWrappers.takeSnap(HybridGenericWrappers.java:668)
at util.reporting.reportStep(reporting.java:33)
at Wrappers.HybridGenericWrappers.takeSnap(HybridGenericWrappers.java:668)
at util.reporting.reportStep(reporting.java:33)
at Wrappers.HybridGenericWrappers.takeSnap(HybridGenericWrappers.java:668)
at util.reporting.reportStep(reporting.java:33)
at Wrappers.HybridGenericWrappers.takeSnap(HybridGenericWrappers.java:668)
at util.reporting.reportStep(reporting.java:33)
at Wrappers.HybridGenericWrappers.takeSnap(HybridGenericWrappers.java:668)
at util.reporting.reportStep(reporting.java:33)
at Wrappers.HybridGenericWrappers.takeSnap(HybridGenericWrappers.java:668)
at util.reporting.reportStep(reporting.java:33)
at Wrappers.HybridGenericWrappers.takeSnap(HybridGenericWrappers.java:668)
at util.reporting.reportStep(reporting.java:33)
at Wrappers.HybridGenericWrappers.takeSnap(HybridGenericWrappers.java:668)
at util.reporting.reportStep(reporting.java:33)
at Wrappers.HybridGenericWrappers.takeSnap(HybridGenericWrappers.java:668)
at util.reporting.reportStep(reporting.java:33)
at Wrappers.HybridGenericWrappers.takeSnap(HybridGenericWrappers.java:668)
at util.reporting.reportStep(reporting.java:33)
at Wrappers.HybridGenericWrappers.takeSnap(HybridGenericWrappers.java:668)
at util.reporting.reportStep(reporting.java:33)
at Wrappers.HybridGenericWrappers.takeSnap(HybridGenericWrappers.java:668)
at util.reporting.reportStep(reporting.java:33)
at Wrappers.HybridGenericWrappers.takeSnap(HybridGenericWrappers.java:668)
at util.reporting.reportStep(reporting.java:33)
at Wrappers.HybridGenericWrappers.takeSnap(HybridGenericWrappers.java:668)
at util.reporting.reportStep(reporting.java:33)
at Wrappers.HybridGenericWrappers.takeSnap(HybridGenericWrappers.java:668)
at util.reporting.reportStep(reporting.java:33)
at Wrappers.HybridGenericWrappers.takeSnap(HybridGenericWrappers.java:668)
at util.reporting.reportStep(reporting.java:33)
at Wrappers.HybridGenericWrappers.takeSnap(HybridGenericWrappers.java:668)
at util.reporting.reportStep(reporting.java:33)
at Wrappers.HybridGenericWrappers.takeSnap(HybridGenericWrappers.java:668)
at util.reporting.reportStep(reporting.java:33)
at Wrappers.HybridGenericWrappers.takeSnap(HybridGenericWrappers.java:668)
at util.reporting.reportStep(reporting.java:33)
at Wrappers.HybridGenericWrappers.takeSnap(HybridGenericWrappers.java:668)
at util.reporting.reportStep(reporting.java:33)
at Wrappers.HybridGenericWrappers.takeSnap(HybridGenericWrappers.java:668)
at util.reporting.reportStep(reporting.java:33)
at Wrappers.HybridGenericWrappers.takeSnap(HybridGenericWrappers.java:668)
at util.reporting.reportStep(reporting.java:33)
at Wrappers.HybridGenericWrappers.takeSnap(HybridGenericWrappers.java:668)
at util.reporting.reportStep(reporting.java:33)
at Wrappers.HybridGenericWrappers.takeSnap(HybridGenericWrappers.java:668)
at util.reporting.reportStep(reporting.java:33)
at Wrappers.HybridGenericWrappers.takeSnap(HybridGenericWrappers.java:668)
at util.reporting.reportStep(reporting.java:33)
at Wrappers.HybridGenericWrappers.takeSnap(HybridGenericWrappers.java:668)
at util.reporting.reportStep(reporting.java:33)
at Wrappers.HybridGenericWrappers.takeSnap(HybridGenericWrappers.java:668)
at util.reporting.reportStep(reporting.java:33)
at Wrappers.HybridGenericWrappers.takeSnap(HybridGenericWrappers.java:668)
at util.reporting.reportStep(reporting.java:33)
at Wrappers.HybridGenericWrappers.takeSnap(HybridGenericWrappers.java:668)
at util.reporting.reportStep(reporting.java:33)
at Wrappers.HybridGenericWrappers.takeSnap(HybridGenericWrappers.java:668)
at util.reporting.reportStep(reporting.java:33)
at Wrappers.HybridGenericWrappers.takeSnap(HybridGenericWrappers.java:668)
at util.reporting.reportStep(reporting.java:33)
at Wrappers.HybridGenericWrappers.takeSnap(HybridGenericWrappers.java:668)
at util.reporting.reportStep(reporting.java:33)
at Wrappers.HybridGenericWrappers.takeSnap(HybridGenericWrappers.java:668)
at util.reporting.reportStep(reporting.java:33)
at Wrappers.HybridGenericWrappers.takeSnap(HybridGenericWrappers.java:668)
at util.reporting.reportStep(reporting.java:33)
at Wrappers.HybridGenericWrappers.takeSnap(HybridGenericWrappers.java:668)
at util.reporting.reportStep(reporting.java:33)
at Wrappers.HybridGenericWrappers.takeSnap(HybridGenericWrappers.java:668)
at util.reporting.reportStep(reporting.java:33)
at Wrappers.HybridGenericWrappers.takeSnap(HybridGenericWrappers.java:668)
at util.reporting.reportStep(reporting.java:33)
at Wrappers.HybridGenericWrappers.takeSnap(HybridGenericWrappers.java:668)
at util.reporting.reportStep(reporting.java:33)
at Wrappers.HybridGenericWrappers.takeSnap(HybridGenericWrappers.java:668)
at util.reporting.reportStep(reporting.java:33)
at Wrappers.HybridGenericWrappers.takeSnap(HybridGenericWrappers.java:668)
at util.reporting.reportStep(reporting.java:33)
at Wrappers.HybridGenericWrappers.takeSnap(HybridGenericWrappers.java:668)
at util.reporting.reportStep(reporting.java:33)
at Wrappers.HybridGenericWrappers.takeSnap(HybridGenericWrappers.java:668)
at util.reporting.reportStep(reporting.java:33)
at Wrappers.HybridGenericWrappers.takeSnap(HybridGenericWrappers.java:668)
at util.reporting.reportStep(reporting.java:33)
at Wrappers.HybridGenericWrappers.takeSnap(HybridGenericWrappers.java:668)
at util.reporting.reportStep(reporting.java:33)
at Wrappers.HybridGenericWrappers.takeSnap(HybridGenericWrappers.java:668)
at util.reporting.reportStep(reporting.java:33)
at Wrappers.HybridGenericWrappers.takeSnap(HybridGenericWrappers.java:668)
at util.reporting.reportStep(reporting.java:33)
at Wrappers.HybridGenericWrappers.takeSnap(HybridGenericWrappers.java:668)
at util.reporting.reportStep(reporting.java:33)
at Wrappers.HybridGenericWrappers.takeSnap(HybridGenericWrappers.java:668)
at util.reporting.reportStep(reporting.java:33)
at Wrappers.HybridGenericWrappers.takeSnap(HybridGenericWrappers.java:668)
at util.reporting.reportStep(reporting.java:33)
at Wrappers.HybridGenericWrappers.takeSnap(HybridGenericWrappers.java:668)
at util.reporting.reportStep(reporting.java:33)
at Wrappers.HybridGenericWrappers.takeSnap(HybridGenericWrappers.java:668)
at util.reporting.reportStep(reporting.java:33)
at Wrappers.HybridGenericWrappers.takeSnap(HybridGenericWrappers.java:668)
at util.reporting.reportStep(reporting.java:33)
at Wrappers.HybridGenericWrappers.takeSnap(HybridGenericWrappers.java:668)
at util.reporting.reportStep(reporting.java:33)
at Wrappers.HybridGenericWrappers.takeSnap(HybridGenericWrappers.java:668)
at util.reporting.reportStep(reporting.java:33)
at Wrappers.HybridGenericWrappers.takeSnap(HybridGenericWrappers.java:668)
at util.reporting.reportStep(reporting.java:33)
at Wrappers.HybridGenericWrappers.takeSnap(HybridGenericWrappers.java:668)
at util.reporting.reportStep(reporting.java:33)
at Wrappers.HybridGenericWrappers.takeSnap(HybridGenericWrappers.java:668)
at util.reporting.reportStep(reporting.java:33)
at Wrappers.HybridGenericWrappers.takeSnap(HybridGenericWrappers.java:668)
at util.reporting.reportStep(reporting.java:33)
at Wrappers.HybridGenericWrappers.takeSnap(HybridGenericWrappers.java:668)
at util.reporting.reportStep(reporting.java:33)
at Wrappers.HybridGenericWrappers.takeSnap(HybridGenericWrappers.java:668)
at util.reporting.reportStep(reporting.java:33)
at Wrappers.HybridGenericWrappers.takeSnap(HybridGenericWrappers.java:668)
at util.reporting.reportStep(reporting.java:33)
at Wrappers.HybridGenericWrappers.takeSnap(HybridGenericWrappers.java:668)
at util.reporting.reportStep(reporting.java:33)
at Wrappers.HybridGenericWrappers.takeSnap(HybridGenericWrappers.java:668)
at util.reporting.reportStep(reporting.java:33)
at Wrappers.HybridGenericWrappers.takeSnap(HybridGenericWrappers.java:668)
at util.reporting.reportStep(reporting.java:33)
at Wrappers.HybridGenericWrappers.takeSnap(HybridGenericWrappers.java:668)
at util.reporting.reportStep(reporting.java:33)
at Wrappers.HybridGenericWrappers.takeSnap(HybridGenericWrappers.java:668)
at util.reporting.reportStep(reporting.java:33)
at Wrappers.HybridGenericWrappers.takeSnap(HybridGenericWrappers.java:668)
at util.reporting.reportStep(reporting.java:33)
at Wrappers.HybridGenericWrappers.takeSnap(HybridGenericWrappers.java:668)
at util.reporting.reportStep(reporting.java:33)
at Wrappers.HybridGenericWrappers.takeSnap(HybridGenericWrappers.java:668)
at util.reporting.reportStep(reporting.java:33)
at Wrappers.HybridGenericWrappers.takeSnap(HybridGenericWrappers.java:668)
at util.reporting.reportStep(reporting.java:33)
at Wrappers.HybridGenericWrappers.takeSnap(HybridGenericWrappers.java:668)
at util.reporting.reportStep(reporting.java:33)
at Wrappers.HybridGenericWrappers.takeSnap(HybridGenericWrappers.java:668)
at util.reporting.reportStep(reporting.java:33)
at Wrappers.HybridGenericWrappers.takeSnap(HybridGenericWrappers.java:668)
at util.reporting.reportStep(reporting.java:33)
at Wrappers.HybridGenericWrappers.takeSnap(HybridGenericWrappers.java:668)
at util.reporting.reportStep(reporting.java:33)
at Wrappers.HybridGenericWrappers.takeSnap(HybridGenericWrappers.java:668)
at util.reporting.reportStep(reporting.java:33)
at Wrappers.HybridGenericWrappers.takeSnap(HybridGenericWrappers.java:668)
at util.reporting.reportStep(reporting.java:33)
at Wrappers.HybridGenericWrappers.takeSnap(HybridGenericWrappers.java:668)
at util.reporting.reportStep(reporting.java:33)
at Wrappers.HybridGenericWrappers.takeSnap(HybridGenericWrappers.java:668)
at util.reporting.reportStep(reporting.java:33)
at Wrappers.HybridGenericWrappers.takeSnap(HybridGenericWrappers.java:668)
at util.reporting.reportStep(reporting.java:33)
at Wrappers.HybridGenericWrappers.takeSnap(HybridGenericWrappers.java:668)
at util.reporting.reportStep(reporting.java:33)
at Wrappers.HybridGenericWrappers.takeSnap(HybridGenericWrappers.java:668)
at util.reporting.reportStep(reporting.java:33)
at Wrappers.HybridGenericWrappers.takeSnap(HybridGenericWrappers.java:668)
at util.reporting.reportStep(reporting.java:33)
at Wrappers.HybridGenericWrappers.takeSnap(HybridGenericWrappers.java:668)
at util.reporting.reportStep(reporting.java:33)
at Wrappers.HybridGenericWrappers.takeSnap(HybridGenericWrappers.java:668)
at util.reporting.reportStep(reporting.java:33)
at Wrappers.HybridGenericWrappers.takeSnap(HybridGenericWrappers.java:668)
at util.reporting.reportStep(reporting.java:33)
at Wrappers.HybridGenericWrappers.takeSnap(HybridGenericWrappers.java:668)
at util.reporting.reportStep(reporting.java:33)
at Wrappers.HybridGenericWrappers.takeSnap(HybridGenericWrappers.java:668)
at util.reporting.reportStep(reporting.java:33)
at Wrappers.HybridGenericWrappers.takeSnap(HybridGenericWrappers.java:668)
at util.reporting.reportStep(reporting.java:33)
at Wrappers.HybridGenericWrappers.takeSnap(HybridGenericWrappers.java:668)
at util.reporting.reportStep(reporting.java:33)
]]>
            </full-stacktrace>
          </exception> <!-- java.lang.StackOverflowError -->
          <reporter-output>
          </reporter-output>
        </test-method> <!-- afterMethod -->
        <test-method is-config="true" signature="beforeMethod()[pri:0, instance:POTestcases.FBRegistrationPageTestCase@790da477]" started-at="2024-12-07T17:59:50 EST" name="beforeMethod" finished-at="2024-12-07T17:59:50 EST" duration-ms="0" status="SKIP">
          <reporter-output>
          </reporter-output>
        </test-method> <!-- beforeMethod -->
        <test-method signature="FBRegistrationPageTestCase(java.lang.String,java.lang.String,java.lang.String,java.lang.String,java.lang.String,java.lang.String)[pri:0, instance:POTestcases.FBRegistrationPageTestCase@790da477]" started-at="2024-12-07T17:59:50 EST" name="FBRegistrationPageTestCase" description="FBRegistrationPageTestCase" data-provider="ExcelDataProvider" finished-at="2024-12-07T17:59:50 EST" duration-ms="0" status="SKIP">
          <params>
            <param index="0">
              <value>
                <![CDATA[k]]>
              </value>
            </param>
            <param index="1">
              <value>
                <![CDATA[n]]>
              </value>
            </param>
            <param index="2">
              <value>
                <![CDATA[12/12/1983]]>
              </value>
            </param>
            <param index="3">
              <value>
                <![CDATA[Female]]>
              </value>
            </param>
            <param index="4">
              <value>
                <![CDATA[r@n.com]]>
              </value>
            </param>
            <param index="5">
              <value>
                <![CDATA[ergewr]]>
              </value>
            </param>
          </params>
          <exception class="java.lang.StackOverflowError">
            <full-stacktrace>
              <![CDATA[java.lang.StackOverflowError
at java.base/java.util.stream.ReferencePipeline$3$1.accept(ReferencePipeline.java:197)
at java.base/java.util.stream.ReferencePipeline$2$1.accept(ReferencePipeline.java:179)
at java.base/java.util.Spliterators$ArraySpliterator.forEachRemaining(Spliterators.java:992)
at java.base/java.util.stream.AbstractPipeline.copyInto(AbstractPipeline.java:509)
at java.base/java.util.stream.AbstractPipeline.wrapAndCopyInto(AbstractPipeline.java:499)
at java.base/java.util.stream.ReduceOps$ReduceOp.evaluateSequential(ReduceOps.java:921)
at java.base/java.util.stream.AbstractPipeline.evaluate(AbstractPipeline.java:234)
at java.base/java.util.stream.ReferencePipeline.reduce(ReferencePipeline.java:662)
at org.openqa.selenium.WebDriverException.getDriverName(WebDriverException.java:124)
at org.openqa.selenium.WebDriverException.lambda$getAdditionalInformation$5(WebDriverException.java:134)
at java.base/java.util.concurrent.ConcurrentHashMap.computeIfAbsent(ConcurrentHashMap.java:1708)
at org.openqa.selenium.WebDriverException.getAdditionalInformation(WebDriverException.java:133)
at org.openqa.selenium.WebDriverException.createMessage(WebDriverException.java:88)
at org.openqa.selenium.WebDriverException.getMessage(WebDriverException.java:64)
at org.openqa.selenium.remote.RemoteWebDriver.execute(RemoteWebDriver.java:557)
at org.openqa.selenium.remote.RemoteWebDriver.execute(RemoteWebDriver.java:618)
at org.openqa.selenium.remote.RemoteWebDriver.execute(RemoteWebDriver.java:622)
at org.openqa.selenium.remote.RemoteWebDriver.getScreenshotAs(RemoteWebDriver.java:334)
at Wrappers.HybridGenericWrappers.takeSnap(HybridGenericWrappers.java:658)
at util.reporting.reportStep(reporting.java:33)
at Wrappers.HybridGenericWrappers.takeSnap(HybridGenericWrappers.java:668)
at util.reporting.reportStep(reporting.java:33)
at Wrappers.HybridGenericWrappers.takeSnap(HybridGenericWrappers.java:668)
at util.reporting.reportStep(reporting.java:33)
at Wrappers.HybridGenericWrappers.takeSnap(HybridGenericWrappers.java:668)
at util.reporting.reportStep(reporting.java:33)
at Wrappers.HybridGenericWrappers.takeSnap(HybridGenericWrappers.java:668)
at util.reporting.reportStep(reporting.java:33)
at Wrappers.HybridGenericWrappers.takeSnap(HybridGenericWrappers.java:668)
at util.reporting.reportStep(reporting.java:33)
at Wrappers.HybridGenericWrappers.takeSnap(HybridGenericWrappers.java:668)
at util.reporting.reportStep(reporting.java:33)
at Wrappers.HybridGenericWrappers.takeSnap(HybridGenericWrappers.java:668)
at util.reporting.reportStep(reporting.java:33)
at Wrappers.HybridGenericWrappers.takeSnap(HybridGenericWrappers.java:668)
at util.reporting.reportStep(reporting.java:33)
at Wrappers.HybridGenericWrappers.takeSnap(HybridGenericWrappers.java:668)
at util.reporting.reportStep(reporting.java:33)
at Wrappers.HybridGenericWrappers.takeSnap(HybridGenericWrappers.java:668)
at util.reporting.reportStep(reporting.java:33)
at Wrappers.HybridGenericWrappers.takeSnap(HybridGenericWrappers.java:668)
at util.reporting.reportStep(reporting.java:33)
at Wrappers.HybridGenericWrappers.takeSnap(HybridGenericWrappers.java:668)
at util.reporting.reportStep(reporting.java:33)
at Wrappers.HybridGenericWrappers.takeSnap(HybridGenericWrappers.java:668)
at util.reporting.reportStep(reporting.java:33)
at Wrappers.HybridGenericWrappers.takeSnap(HybridGenericWrappers.java:668)
at util.reporting.reportStep(reporting.java:33)
at Wrappers.HybridGenericWrappers.takeSnap(HybridGenericWrappers.java:668)
at util.reporting.reportStep(reporting.java:33)
at Wrappers.HybridGenericWrappers.takeSnap(HybridGenericWrappers.java:668)
at util.reporting.reportStep(reporting.java:33)
at Wrappers.HybridGenericWrappers.takeSnap(HybridGenericWrappers.java:668)
at util.reporting.reportStep(reporting.java:33)
at Wrappers.HybridGenericWrappers.takeSnap(HybridGenericWrappers.java:668)
at util.reporting.reportStep(reporting.java:33)
at Wrappers.HybridGenericWrappers.takeSnap(HybridGenericWrappers.java:668)
at util.reporting.reportStep(reporting.java:33)
at Wrappers.HybridGenericWrappers.takeSnap(HybridGenericWrappers.java:668)
at util.reporting.reportStep(reporting.java:33)
at Wrappers.HybridGenericWrappers.takeSnap(HybridGenericWrappers.java:668)
at util.reporting.reportStep(reporting.java:33)
at Wrappers.HybridGenericWrappers.takeSnap(HybridGenericWrappers.java:668)
at util.reporting.reportStep(reporting.java:33)
at Wrappers.HybridGenericWrappers.takeSnap(HybridGenericWrappers.java:668)
at util.reporting.reportStep(reporting.java:33)
at Wrappers.HybridGenericWrappers.takeSnap(HybridGenericWrappers.java:668)
at util.reporting.reportStep(reporting.java:33)
at Wrappers.HybridGenericWrappers.takeSnap(HybridGenericWrappers.java:668)
at util.reporting.reportStep(reporting.java:33)
at Wrappers.HybridGenericWrappers.takeSnap(HybridGenericWrappers.java:668)
at util.reporting.reportStep(reporting.java:33)
at Wrappers.HybridGenericWrappers.takeSnap(HybridGenericWrappers.java:668)
at util.reporting.reportStep(reporting.java:33)
at Wrappers.HybridGenericWrappers.takeSnap(HybridGenericWrappers.java:668)
at util.reporting.reportStep(reporting.java:33)
at Wrappers.HybridGenericWrappers.takeSnap(HybridGenericWrappers.java:668)
at util.reporting.reportStep(reporting.java:33)
at Wrappers.HybridGenericWrappers.takeSnap(HybridGenericWrappers.java:668)
at util.reporting.reportStep(reporting.java:33)
at Wrappers.HybridGenericWrappers.takeSnap(HybridGenericWrappers.java:668)
at util.reporting.reportStep(reporting.java:33)
at Wrappers.HybridGenericWrappers.takeSnap(HybridGenericWrappers.java:668)
at util.reporting.reportStep(reporting.java:33)
at Wrappers.HybridGenericWrappers.takeSnap(HybridGenericWrappers.java:668)
at util.reporting.reportStep(reporting.java:33)
at Wrappers.HybridGenericWrappers.takeSnap(HybridGenericWrappers.java:668)
at util.reporting.reportStep(reporting.java:33)
at Wrappers.HybridGenericWrappers.takeSnap(HybridGenericWrappers.java:668)
at util.reporting.reportStep(reporting.java:33)
at Wrappers.HybridGenericWrappers.takeSnap(HybridGenericWrappers.java:668)
at util.reporting.reportStep(reporting.java:33)
at Wrappers.HybridGenericWrappers.takeSnap(HybridGenericWrappers.java:668)
at util.reporting.reportStep(reporting.java:33)
at Wrappers.HybridGenericWrappers.takeSnap(HybridGenericWrappers.java:668)
at util.reporting.reportStep(reporting.java:33)
at Wrappers.HybridGenericWrappers.takeSnap(HybridGenericWrappers.java:668)
at util.reporting.reportStep(reporting.java:33)
at Wrappers.HybridGenericWrappers.takeSnap(HybridGenericWrappers.java:668)
at util.reporting.reportStep(reporting.java:33)
at Wrappers.HybridGenericWrappers.takeSnap(HybridGenericWrappers.java:668)
at util.reporting.reportStep(reporting.java:33)
at Wrappers.HybridGenericWrappers.takeSnap(HybridGenericWrappers.java:668)
at util.reporting.reportStep(reporting.java:33)
at Wrappers.HybridGenericWrappers.takeSnap(HybridGenericWrappers.java:668)
at util.reporting.reportStep(reporting.java:33)
at Wrappers.HybridGenericWrappers.takeSnap(HybridGenericWrappers.java:668)
at util.reporting.reportStep(reporting.java:33)
at Wrappers.HybridGenericWrappers.takeSnap(HybridGenericWrappers.java:668)
at util.reporting.reportStep(reporting.java:33)
at Wrappers.HybridGenericWrappers.takeSnap(HybridGenericWrappers.java:668)
at util.reporting.reportStep(reporting.java:33)
at Wrappers.HybridGenericWrappers.takeSnap(HybridGenericWrappers.java:668)
at util.reporting.reportStep(reporting.java:33)
at Wrappers.HybridGenericWrappers.takeSnap(HybridGenericWrappers.java:668)
at util.reporting.reportStep(reporting.java:33)
at Wrappers.HybridGenericWrappers.takeSnap(HybridGenericWrappers.java:668)
at util.reporting.reportStep(reporting.java:33)
at Wrappers.HybridGenericWrappers.takeSnap(HybridGenericWrappers.java:668)
at util.reporting.reportStep(reporting.java:33)
at Wrappers.HybridGenericWrappers.takeSnap(HybridGenericWrappers.java:668)
at util.reporting.reportStep(reporting.java:33)
at Wrappers.HybridGenericWrappers.takeSnap(HybridGenericWrappers.java:668)
at util.reporting.reportStep(reporting.java:33)
at Wrappers.HybridGenericWrappers.takeSnap(HybridGenericWrappers.java:668)
at util.reporting.reportStep(reporting.java:33)
at Wrappers.HybridGenericWrappers.takeSnap(HybridGenericWrappers.java:668)
at util.reporting.reportStep(reporting.java:33)
at Wrappers.HybridGenericWrappers.takeSnap(HybridGenericWrappers.java:668)
at util.reporting.reportStep(reporting.java:33)
at Wrappers.HybridGenericWrappers.takeSnap(HybridGenericWrappers.java:668)
at util.reporting.reportStep(reporting.java:33)
at Wrappers.HybridGenericWrappers.takeSnap(HybridGenericWrappers.java:668)
at util.reporting.reportStep(reporting.java:33)
at Wrappers.HybridGenericWrappers.takeSnap(HybridGenericWrappers.java:668)
at util.reporting.reportStep(reporting.java:33)
at Wrappers.HybridGenericWrappers.takeSnap(HybridGenericWrappers.java:668)
at util.reporting.reportStep(reporting.java:33)
at Wrappers.HybridGenericWrappers.takeSnap(HybridGenericWrappers.java:668)
at util.reporting.reportStep(reporting.java:33)
at Wrappers.HybridGenericWrappers.takeSnap(HybridGenericWrappers.java:668)
at util.reporting.reportStep(reporting.java:33)
at Wrappers.HybridGenericWrappers.takeSnap(HybridGenericWrappers.java:668)
at util.reporting.reportStep(reporting.java:33)
at Wrappers.HybridGenericWrappers.takeSnap(HybridGenericWrappers.java:668)
at util.reporting.reportStep(reporting.java:33)
at Wrappers.HybridGenericWrappers.takeSnap(HybridGenericWrappers.java:668)
at util.reporting.reportStep(reporting.java:33)
at Wrappers.HybridGenericWrappers.takeSnap(HybridGenericWrappers.java:668)
at util.reporting.reportStep(reporting.java:33)
at Wrappers.HybridGenericWrappers.takeSnap(HybridGenericWrappers.java:668)
at util.reporting.reportStep(reporting.java:33)
at Wrappers.HybridGenericWrappers.takeSnap(HybridGenericWrappers.java:668)
at util.reporting.reportStep(reporting.java:33)
at Wrappers.HybridGenericWrappers.takeSnap(HybridGenericWrappers.java:668)
at util.reporting.reportStep(reporting.java:33)
at Wrappers.HybridGenericWrappers.takeSnap(HybridGenericWrappers.java:668)
at util.reporting.reportStep(reporting.java:33)
at Wrappers.HybridGenericWrappers.takeSnap(HybridGenericWrappers.java:668)
at util.reporting.reportStep(reporting.java:33)
at Wrappers.HybridGenericWrappers.takeSnap(HybridGenericWrappers.java:668)
at util.reporting.reportStep(reporting.java:33)
at Wrappers.HybridGenericWrappers.takeSnap(HybridGenericWrappers.java:668)
at util.reporting.reportStep(reporting.java:33)
at Wrappers.HybridGenericWrappers.takeSnap(HybridGenericWrappers.java:668)
at util.reporting.reportStep(reporting.java:33)
at Wrappers.HybridGenericWrappers.takeSnap(HybridGenericWrappers.java:668)
at util.reporting.reportStep(reporting.java:33)
at Wrappers.HybridGenericWrappers.takeSnap(HybridGenericWrappers.java:668)
[...]
at Wrappers.HybridGenericWrappers.takeSnap(HybridGenericWrappers.java:668)
at util.reporting.reportStep(reporting.java:33)
at Wrappers.HybridGenericWrappers.takeSnap(HybridGenericWrappers.java:668)
at util.reporting.reportStep(reporting.java:33)
at Wrappers.HybridGenericWrappers.takeSnap(HybridGenericWrappers.java:668)
at util.reporting.reportStep(reporting.java:33)
at Wrappers.HybridGenericWrappers.takeSnap(HybridGenericWrappers.java:668)
at util.reporting.reportStep(reporting.java:33)
at Wrappers.HybridGenericWrappers.takeSnap(HybridGenericWrappers.java:668)
at util.reporting.reportStep(reporting.java:33)
at Wrappers.HybridGenericWrappers.takeSnap(HybridGenericWrappers.java:668)
at util.reporting.reportStep(reporting.java:33)
at Wrappers.HybridGenericWrappers.takeSnap(HybridGenericWrappers.java:668)
at util.reporting.reportStep(reporting.java:33)
at Wrappers.HybridGenericWrappers.takeSnap(HybridGenericWrappers.java:668)
at util.reporting.reportStep(reporting.java:33)
at Wrappers.HybridGenericWrappers.takeSnap(HybridGenericWrappers.java:668)
at util.reporting.reportStep(reporting.java:33)
at Wrappers.HybridGenericWrappers.takeSnap(HybridGenericWrappers.java:668)
at util.reporting.reportStep(reporting.java:33)
at Wrappers.HybridGenericWrappers.takeSnap(HybridGenericWrappers.java:668)
at util.reporting.reportStep(reporting.java:33)
at Wrappers.HybridGenericWrappers.takeSnap(HybridGenericWrappers.java:668)
at util.reporting.reportStep(reporting.java:33)
at Wrappers.HybridGenericWrappers.takeSnap(HybridGenericWrappers.java:668)
at util.reporting.reportStep(reporting.java:33)
at Wrappers.HybridGenericWrappers.takeSnap(HybridGenericWrappers.java:668)
at util.reporting.reportStep(reporting.java:33)
at Wrappers.HybridGenericWrappers.takeSnap(HybridGenericWrappers.java:668)
at util.reporting.reportStep(reporting.java:33)
at Wrappers.HybridGenericWrappers.takeSnap(HybridGenericWrappers.java:668)
at util.reporting.reportStep(reporting.java:33)
at Wrappers.HybridGenericWrappers.takeSnap(HybridGenericWrappers.java:668)
at util.reporting.reportStep(reporting.java:33)
at Wrappers.HybridGenericWrappers.takeSnap(HybridGenericWrappers.java:668)
at util.reporting.reportStep(reporting.java:33)
at Wrappers.HybridGenericWrappers.takeSnap(HybridGenericWrappers.java:668)
at util.reporting.reportStep(reporting.java:33)
at Wrappers.HybridGenericWrappers.takeSnap(HybridGenericWrappers.java:668)
at util.reporting.reportStep(reporting.java:33)
at Wrappers.HybridGenericWrappers.takeSnap(HybridGenericWrappers.java:668)
at util.reporting.reportStep(reporting.java:33)
at Wrappers.HybridGenericWrappers.takeSnap(HybridGenericWrappers.java:668)
at util.reporting.reportStep(reporting.java:33)
at Wrappers.HybridGenericWrappers.takeSnap(HybridGenericWrappers.java:668)
at util.reporting.reportStep(reporting.java:33)
at Wrappers.HybridGenericWrappers.takeSnap(HybridGenericWrappers.java:668)
at util.reporting.reportStep(reporting.java:33)
at Wrappers.HybridGenericWrappers.takeSnap(HybridGenericWrappers.java:668)
at util.reporting.reportStep(reporting.java:33)
at Wrappers.HybridGenericWrappers.takeSnap(HybridGenericWrappers.java:668)
at util.reporting.reportStep(reporting.java:33)
at Wrappers.HybridGenericWrappers.takeSnap(HybridGenericWrappers.java:668)
at util.reporting.reportStep(reporting.java:33)
at Wrappers.HybridGenericWrappers.takeSnap(HybridGenericWrappers.java:668)
at util.reporting.reportStep(reporting.java:33)
at Wrappers.HybridGenericWrappers.takeSnap(HybridGenericWrappers.java:668)
at util.reporting.reportStep(reporting.java:33)
at Wrappers.HybridGenericWrappers.takeSnap(HybridGenericWrappers.java:668)
at util.reporting.reportStep(reporting.java:33)
at Wrappers.HybridGenericWrappers.takeSnap(HybridGenericWrappers.java:668)
at util.reporting.reportStep(reporting.java:33)
at Wrappers.HybridGenericWrappers.takeSnap(HybridGenericWrappers.java:668)
at util.reporting.reportStep(reporting.java:33)
at Wrappers.HybridGenericWrappers.takeSnap(HybridGenericWrappers.java:668)
at util.reporting.reportStep(reporting.java:33)
at Wrappers.HybridGenericWrappers.takeSnap(HybridGenericWrappers.java:668)
at util.reporting.reportStep(reporting.java:33)
at Wrappers.HybridGenericWrappers.takeSnap(HybridGenericWrappers.java:668)
at util.reporting.reportStep(reporting.java:33)
at Wrappers.HybridGenericWrappers.takeSnap(HybridGenericWrappers.java:668)
at util.reporting.reportStep(reporting.java:33)
at Wrappers.HybridGenericWrappers.takeSnap(HybridGenericWrappers.java:668)
at util.reporting.reportStep(reporting.java:33)
at Wrappers.HybridGenericWrappers.takeSnap(HybridGenericWrappers.java:668)
at util.reporting.reportStep(reporting.java:33)
at Wrappers.HybridGenericWrappers.takeSnap(HybridGenericWrappers.java:668)
at util.reporting.reportStep(reporting.java:33)
at Wrappers.HybridGenericWrappers.takeSnap(HybridGenericWrappers.java:668)
at util.reporting.reportStep(reporting.java:33)
at Wrappers.HybridGenericWrappers.takeSnap(HybridGenericWrappers.java:668)
at util.reporting.reportStep(reporting.java:33)
at Wrappers.HybridGenericWrappers.takeSnap(HybridGenericWrappers.java:668)
at util.reporting.reportStep(reporting.java:33)
at Wrappers.HybridGenericWrappers.takeSnap(HybridGenericWrappers.java:668)
at util.reporting.reportStep(reporting.java:33)
at Wrappers.HybridGenericWrappers.takeSnap(HybridGenericWrappers.java:668)
at util.reporting.reportStep(reporting.java:33)
at Wrappers.HybridGenericWrappers.takeSnap(HybridGenericWrappers.java:668)
at util.reporting.reportStep(reporting.java:33)
at Wrappers.HybridGenericWrappers.takeSnap(HybridGenericWrappers.java:668)
at util.reporting.reportStep(reporting.java:33)
at Wrappers.HybridGenericWrappers.takeSnap(HybridGenericWrappers.java:668)
at util.reporting.reportStep(reporting.java:33)
at Wrappers.HybridGenericWrappers.takeSnap(HybridGenericWrappers.java:668)
at util.reporting.reportStep(reporting.java:33)
at Wrappers.HybridGenericWrappers.takeSnap(HybridGenericWrappers.java:668)
at util.reporting.reportStep(reporting.java:33)
at Wrappers.HybridGenericWrappers.takeSnap(HybridGenericWrappers.java:668)
at util.reporting.reportStep(reporting.java:33)
at Wrappers.HybridGenericWrappers.takeSnap(HybridGenericWrappers.java:668)
at util.reporting.reportStep(reporting.java:33)
at Wrappers.HybridGenericWrappers.takeSnap(HybridGenericWrappers.java:668)
at util.reporting.reportStep(reporting.java:33)
at Wrappers.HybridGenericWrappers.takeSnap(HybridGenericWrappers.java:668)
at util.reporting.reportStep(reporting.java:33)
at Wrappers.HybridGenericWrappers.takeSnap(HybridGenericWrappers.java:668)
at util.reporting.reportStep(reporting.java:33)
at Wrappers.HybridGenericWrappers.takeSnap(HybridGenericWrappers.java:668)
at util.reporting.reportStep(reporting.java:33)
at Wrappers.HybridGenericWrappers.takeSnap(HybridGenericWrappers.java:668)
at util.reporting.reportStep(reporting.java:33)
at Wrappers.HybridGenericWrappers.takeSnap(HybridGenericWrappers.java:668)
at util.reporting.reportStep(reporting.java:33)
at Wrappers.HybridGenericWrappers.takeSnap(HybridGenericWrappers.java:668)
at util.reporting.reportStep(reporting.java:33)
at Wrappers.HybridGenericWrappers.takeSnap(HybridGenericWrappers.java:668)
at util.reporting.reportStep(reporting.java:33)
at Wrappers.HybridGenericWrappers.takeSnap(HybridGenericWrappers.java:668)
at util.reporting.reportStep(reporting.java:33)
at Wrappers.HybridGenericWrappers.takeSnap(HybridGenericWrappers.java:668)
at util.reporting.reportStep(reporting.java:33)
at Wrappers.HybridGenericWrappers.takeSnap(HybridGenericWrappers.java:668)
at util.reporting.reportStep(reporting.java:33)
at Wrappers.HybridGenericWrappers.takeSnap(HybridGenericWrappers.java:668)
at util.reporting.reportStep(reporting.java:33)
at Wrappers.HybridGenericWrappers.takeSnap(HybridGenericWrappers.java:668)
at util.reporting.reportStep(reporting.java:33)
at Wrappers.HybridGenericWrappers.takeSnap(HybridGenericWrappers.java:668)
at util.reporting.reportStep(reporting.java:33)
at Wrappers.HybridGenericWrappers.takeSnap(HybridGenericWrappers.java:668)
at util.reporting.reportStep(reporting.java:33)
at Wrappers.HybridGenericWrappers.takeSnap(HybridGenericWrappers.java:668)
at util.reporting.reportStep(reporting.java:33)
at Wrappers.HybridGenericWrappers.takeSnap(HybridGenericWrappers.java:668)
at util.reporting.reportStep(reporting.java:33)
at Wrappers.HybridGenericWrappers.takeSnap(HybridGenericWrappers.java:668)
at util.reporting.reportStep(reporting.java:33)
at Wrappers.HybridGenericWrappers.takeSnap(HybridGenericWrappers.java:668)
at util.reporting.reportStep(reporting.java:33)
at Wrappers.HybridGenericWrappers.takeSnap(HybridGenericWrappers.java:668)
at util.reporting.reportStep(reporting.java:33)
at Wrappers.HybridGenericWrappers.takeSnap(HybridGenericWrappers.java:668)
at util.reporting.reportStep(reporting.java:33)
at Wrappers.HybridGenericWrappers.takeSnap(HybridGenericWrappers.java:668)
at util.reporting.reportStep(reporting.java:33)
at Wrappers.HybridGenericWrappers.takeSnap(HybridGenericWrappers.java:668)
at util.reporting.reportStep(reporting.java:33)
at Wrappers.HybridGenericWrappers.takeSnap(HybridGenericWrappers.java:668)
at util.reporting.reportStep(reporting.java:33)
at Wrappers.HybridGenericWrappers.takeSnap(HybridGenericWrappers.java:668)
at util.reporting.reportStep(reporting.java:33)
at Wrappers.HybridGenericWrappers.takeSnap(HybridGenericWrappers.java:668)
at util.reporting.reportStep(reporting.java:33)
at Wrappers.HybridGenericWrappers.takeSnap(HybridGenericWrappers.java:668)
at util.reporting.reportStep(reporting.java:33)
at Wrappers.HybridGenericWrappers.takeSnap(HybridGenericWrappers.java:668)
at util.reporting.reportStep(reporting.java:33)
at Wrappers.HybridGenericWrappers.takeSnap(HybridGenericWrappers.java:668)
at util.reporting.reportStep(reporting.java:33)
at Wrappers.HybridGenericWrappers.takeSnap(HybridGenericWrappers.java:668)
at util.reporting.reportStep(reporting.java:33)
at Wrappers.HybridGenericWrappers.takeSnap(HybridGenericWrappers.java:668)
at util.reporting.reportStep(reporting.java:33)
at Wrappers.HybridGenericWrappers.takeSnap(HybridGenericWrappers.java:668)
at util.reporting.reportStep(reporting.java:33)
at Wrappers.HybridGenericWrappers.takeSnap(HybridGenericWrappers.java:668)
at util.reporting.reportStep(reporting.java:33)
at Wrappers.HybridGenericWrappers.takeSnap(HybridGenericWrappers.java:668)
at util.reporting.reportStep(reporting.java:33)
at Wrappers.HybridGenericWrappers.takeSnap(HybridGenericWrappers.java:668)
at util.reporting.reportStep(reporting.java:33)
at Wrappers.HybridGenericWrappers.takeSnap(HybridGenericWrappers.java:668)
at util.reporting.reportStep(reporting.java:33)
at Wrappers.HybridGenericWrappers.takeSnap(HybridGenericWrappers.java:668)
at util.reporting.reportStep(reporting.java:33)
at Wrappers.HybridGenericWrappers.takeSnap(HybridGenericWrappers.java:668)
at util.reporting.reportStep(reporting.java:33)
at Wrappers.HybridGenericWrappers.takeSnap(HybridGenericWrappers.java:668)
at util.reporting.reportStep(reporting.java:33)
at Wrappers.HybridGenericWrappers.takeSnap(HybridGenericWrappers.java:668)
at util.reporting.reportStep(reporting.java:33)
at Wrappers.HybridGenericWrappers.takeSnap(HybridGenericWrappers.java:668)
at util.reporting.reportStep(reporting.java:33)
at Wrappers.HybridGenericWrappers.takeSnap(HybridGenericWrappers.java:668)
at util.reporting.reportStep(reporting.java:33)
at Wrappers.HybridGenericWrappers.takeSnap(HybridGenericWrappers.java:668)
at util.reporting.reportStep(reporting.java:33)
at Wrappers.HybridGenericWrappers.takeSnap(HybridGenericWrappers.java:668)
at util.reporting.reportStep(reporting.java:33)
at Wrappers.HybridGenericWrappers.takeSnap(HybridGenericWrappers.java:668)
at util.reporting.reportStep(reporting.java:33)
at Wrappers.HybridGenericWrappers.takeSnap(HybridGenericWrappers.java:668)
at util.reporting.reportStep(reporting.java:33)
at Wrappers.HybridGenericWrappers.takeSnap(HybridGenericWrappers.java:668)
at util.reporting.reportStep(reporting.java:33)
at Wrappers.HybridGenericWrappers.takeSnap(HybridGenericWrappers.java:668)
at util.reporting.reportStep(reporting.java:33)
at Wrappers.HybridGenericWrappers.takeSnap(HybridGenericWrappers.java:668)
at util.reporting.reportStep(reporting.java:33)
at Wrappers.HybridGenericWrappers.takeSnap(HybridGenericWrappers.java:668)
at util.reporting.reportStep(reporting.java:33)
at Wrappers.HybridGenericWrappers.takeSnap(HybridGenericWrappers.java:668)
at util.reporting.reportStep(reporting.java:33)
at Wrappers.HybridGenericWrappers.takeSnap(HybridGenericWrappers.java:668)
at util.reporting.reportStep(reporting.java:33)
at Wrappers.HybridGenericWrappers.takeSnap(HybridGenericWrappers.java:668)
at util.reporting.reportStep(reporting.java:33)
at Wrappers.HybridGenericWrappers.takeSnap(HybridGenericWrappers.java:668)
at util.reporting.reportStep(reporting.java:33)
at Wrappers.HybridGenericWrappers.takeSnap(HybridGenericWrappers.java:668)
at util.reporting.reportStep(reporting.java:33)
at Wrappers.HybridGenericWrappers.takeSnap(HybridGenericWrappers.java:668)
at util.reporting.reportStep(reporting.java:33)
at Wrappers.HybridGenericWrappers.takeSnap(HybridGenericWrappers.java:668)
at util.reporting.reportStep(reporting.java:33)
at Wrappers.HybridGenericWrappers.takeSnap(HybridGenericWrappers.java:668)
at util.reporting.reportStep(reporting.java:33)
at Wrappers.HybridGenericWrappers.takeSnap(HybridGenericWrappers.java:668)
at util.reporting.reportStep(reporting.java:33)
at Wrappers.HybridGenericWrappers.takeSnap(HybridGenericWrappers.java:668)
at util.reporting.reportStep(reporting.java:33)
at Wrappers.HybridGenericWrappers.takeSnap(HybridGenericWrappers.java:668)
at util.reporting.reportStep(reporting.java:33)
at Wrappers.HybridGenericWrappers.takeSnap(HybridGenericWrappers.java:668)
at util.reporting.reportStep(reporting.java:33)
at Wrappers.HybridGenericWrappers.takeSnap(HybridGenericWrappers.java:668)
at util.reporting.reportStep(reporting.java:33)
at Wrappers.HybridGenericWrappers.takeSnap(HybridGenericWrappers.java:668)
at util.reporting.reportStep(reporting.java:33)
at Wrappers.HybridGenericWrappers.takeSnap(HybridGenericWrappers.java:668)
at util.reporting.reportStep(reporting.java:33)
at Wrappers.HybridGenericWrappers.takeSnap(HybridGenericWrappers.java:668)
at util.reporting.reportStep(reporting.java:33)
at Wrappers.HybridGenericWrappers.takeSnap(HybridGenericWrappers.java:668)
at util.reporting.reportStep(reporting.java:33)
at Wrappers.HybridGenericWrappers.takeSnap(HybridGenericWrappers.java:668)
at util.reporting.reportStep(reporting.java:33)
at Wrappers.HybridGenericWrappers.takeSnap(HybridGenericWrappers.java:668)
at util.reporting.reportStep(reporting.java:33)
at Wrappers.HybridGenericWrappers.takeSnap(HybridGenericWrappers.java:668)
at util.reporting.reportStep(reporting.java:33)
at Wrappers.HybridGenericWrappers.takeSnap(HybridGenericWrappers.java:668)
at util.reporting.reportStep(reporting.java:33)
at Wrappers.HybridGenericWrappers.takeSnap(HybridGenericWrappers.java:668)
at util.reporting.reportStep(reporting.java:33)
at Wrappers.HybridGenericWrappers.takeSnap(HybridGenericWrappers.java:668)
at util.reporting.reportStep(reporting.java:33)
at Wrappers.HybridGenericWrappers.takeSnap(HybridGenericWrappers.java:668)
at util.reporting.reportStep(reporting.java:33)
at Wrappers.HybridGenericWrappers.takeSnap(HybridGenericWrappers.java:668)
at util.reporting.reportStep(reporting.java:33)
at Wrappers.HybridGenericWrappers.takeSnap(HybridGenericWrappers.java:668)
at util.reporting.reportStep(reporting.java:33)
at Wrappers.HybridGenericWrappers.takeSnap(HybridGenericWrappers.java:668)
at util.reporting.reportStep(reporting.java:33)
at Wrappers.HybridGenericWrappers.takeSnap(HybridGenericWrappers.java:668)
at util.reporting.reportStep(reporting.java:33)
at Wrappers.HybridGenericWrappers.takeSnap(HybridGenericWrappers.java:668)
at util.reporting.reportStep(reporting.java:33)
at Wrappers.HybridGenericWrappers.takeSnap(HybridGenericWrappers.java:668)
at util.reporting.reportStep(reporting.java:33)
at Wrappers.HybridGenericWrappers.takeSnap(HybridGenericWrappers.java:668)
at util.reporting.reportStep(reporting.java:33)
at Wrappers.HybridGenericWrappers.takeSnap(HybridGenericWrappers.java:668)
at util.reporting.reportStep(reporting.java:33)
at Wrappers.HybridGenericWrappers.takeSnap(HybridGenericWrappers.java:668)
at util.reporting.reportStep(reporting.java:33)
at Wrappers.HybridGenericWrappers.takeSnap(HybridGenericWrappers.java:668)
at util.reporting.reportStep(reporting.java:33)
at Wrappers.HybridGenericWrappers.takeSnap(HybridGenericWrappers.java:668)
at util.reporting.reportStep(reporting.java:33)
at Wrappers.HybridGenericWrappers.takeSnap(HybridGenericWrappers.java:668)
at util.reporting.reportStep(reporting.java:33)
at Wrappers.HybridGenericWrappers.takeSnap(HybridGenericWrappers.java:668)
at util.reporting.reportStep(reporting.java:33)
at Wrappers.HybridGenericWrappers.takeSnap(HybridGenericWrappers.java:668)
at util.reporting.reportStep(reporting.java:33)
at Wrappers.HybridGenericWrappers.takeSnap(HybridGenericWrappers.java:668)
at util.reporting.reportStep(reporting.java:33)
at Wrappers.HybridGenericWrappers.takeSnap(HybridGenericWrappers.java:668)
at util.reporting.reportStep(reporting.java:33)
at Wrappers.HybridGenericWrappers.takeSnap(HybridGenericWrappers.java:668)
at util.reporting.reportStep(reporting.java:33)
at Wrappers.HybridGenericWrappers.takeSnap(HybridGenericWrappers.java:668)
at util.reporting.reportStep(reporting.java:33)
at Wrappers.HybridGenericWrappers.takeSnap(HybridGenericWrappers.java:668)
at util.reporting.reportStep(reporting.java:33)
at Wrappers.HybridGenericWrappers.takeSnap(HybridGenericWrappers.java:668)
at util.reporting.reportStep(reporting.java:33)
at Wrappers.HybridGenericWrappers.takeSnap(HybridGenericWrappers.java:668)
at util.reporting.reportStep(reporting.java:33)
at Wrappers.HybridGenericWrappers.takeSnap(HybridGenericWrappers.java:668)
at util.reporting.reportStep(reporting.java:33)
at Wrappers.HybridGenericWrappers.takeSnap(HybridGenericWrappers.java:668)
at util.reporting.reportStep(reporting.java:33)
]]>
            </full-stacktrace>
          </exception> <!-- java.lang.StackOverflowError -->
          <reporter-output>
          </reporter-output>
        </test-method> <!-- FBRegistrationPageTestCase -->
        <test-method is-config="true" signature="afterMethod()[pri:0, instance:POTestcases.FBRegistrationPageTestCase@790da477]" started-at="2024-12-07T17:59:50 EST" name="afterMethod" finished-at="2024-12-07T17:59:50 EST" duration-ms="0" status="SKIP">
          <reporter-output>
          </reporter-output>
        </test-method> <!-- afterMethod -->
        <test-method is-config="true" signature="afterClass()[pri:0, instance:POTestcases.FBRegistrationPageTestCase@790da477]" started-at="2024-12-07T17:59:50 EST" name="afterClass" finished-at="2024-12-07T17:59:50 EST" duration-ms="0" status="SKIP">
          <reporter-output>
          </reporter-output>
        </test-method> <!-- afterClass -->
        <test-method is-config="true" signature="afterTest()[pri:0, instance:POTestcases.FBRegistrationPageTestCase@790da477]" started-at="2024-12-07T17:59:50 EST" name="afterTest" finished-at="2024-12-07T17:59:50 EST" duration-ms="0" status="PASS">
          <reporter-output>
          </reporter-output>
        </test-method> <!-- afterTest -->
        <test-method is-config="true" signature="afterSuit()[pri:0, instance:POTestcases.FBRegistrationPageTestCase@790da477]" started-at="2024-12-07T17:59:50 EST" name="afterSuit" finished-at="2024-12-07T17:59:50 EST" duration-ms="295" status="PASS">
          <reporter-output>
          </reporter-output>
        </test-method> <!-- afterSuit -->
      </class> <!-- POTestcases.FBRegistrationPageTestCase -->
    </test> <!-- Default test -->
  </suite> <!-- Default suite -->
</testng-results>
